TN:
SF:src\index.js
FNF:0
FNH:0
DA:1,1
DA:2,1
DA:3,1
DA:4,1
DA:5,1
DA:6,1
DA:7,1
DA:8,1
DA:9,1
DA:10,1
DA:11,1
DA:12,1
DA:13,1
DA:14,1
DA:15,1
DA:16,1
DA:17,1
DA:18,1
DA:19,1
DA:20,1
DA:21,1
DA:22,1
DA:23,1
DA:24,1
DA:25,1
DA:26,1
DA:27,1
DA:28,1
DA:29,1
DA:30,1
DA:31,1
DA:32,1
DA:33,1
DA:34,1
DA:35,1
DA:36,0
DA:37,0
DA:38,1
DA:39,1
DA:40,1
DA:41,1
DA:42,1
DA:43,1
DA:44,1
DA:45,0
DA:46,0
DA:47,0
DA:48,0
DA:49,0
LF:49
LH:42
BRDA:8,0,0,0
BRDA:44,1,0,0
BRDA:27,2,0,1
BRF:3
BRH:1
end_of_record
TN:
SF:src\config\database.js
FN:4,connectDB
FNF:1
FNH:0
FNDA:0,connectDB
DA:1,1
DA:2,1
DA:3,1
DA:4,1
DA:5,0
DA:6,0
DA:7,0
DA:8,0
DA:9,0
DA:10,0
DA:11,0
DA:12,0
DA:13,1
DA:14,1
LF:14
LH:6
BRF:0
BRH:0
end_of_record
TN:
SF:src\config\emailConfig.js
FN:14,generateVerificationCode
FN:18,sendVerificationEmail
FN:60,sendLoginVerificationEmail
FN:102,sendPasswordResetEmail
FNF:4
FNH:2
FNDA:1,generateVerificationCode
FNDA:1,sendVerificationEmail
FNDA:0,sendLoginVerificationEmail
FNDA:0,sendPasswordResetEmail
DA:1,1
DA:2,1
DA:3,1
DA:4,1
DA:5,1
DA:6,1
DA:7,1
DA:8,1
DA:9,1
DA:10,1
DA:11,1
DA:12,1
DA:13,1
DA:14,1
DA:15,1
DA:16,1
DA:17,1
DA:18,1
DA:19,1
DA:20,1
DA:21,1
DA:22,1
DA:23,1
DA:24,1
DA:25,1
DA:26,1
DA:27,1
DA:28,1
DA:29,1
DA:30,1
DA:31,1
DA:32,1
DA:33,1
DA:34,1
DA:35,1
DA:36,1
DA:37,1
DA:38,1
DA:39,1
DA:40,1
DA:41,1
DA:42,1
DA:43,1
DA:44,1
DA:45,1
DA:46,1
DA:47,1
DA:48,1
DA:49,1
DA:50,1
DA:51,1
DA:52,1
DA:53,1
DA:54,1
DA:55,0
DA:56,0
DA:57,0
DA:58,1
DA:59,1
DA:60,1
DA:61,0
DA:62,0
DA:63,0
DA:64,0
DA:65,0
DA:66,0
DA:67,0
DA:68,0
DA:69,0
DA:70,0
DA:71,0
DA:72,0
DA:73,0
DA:74,0
DA:75,0
DA:76,0
DA:77,0
DA:78,0
DA:79,0
DA:80,0
DA:81,0
DA:82,0
DA:83,0
DA:84,0
DA:85,0
DA:86,0
DA:87,0
DA:88,0
DA:89,0
DA:90,0
DA:91,0
DA:92,0
DA:93,0
DA:94,0
DA:95,0
DA:96,0
DA:97,0
DA:98,0
DA:99,0
DA:100,0
DA:101,1
DA:102,1
DA:103,0
DA:104,0
DA:105,0
DA:106,0
DA:107,0
DA:108,0
DA:109,0
DA:110,0
DA:111,0
DA:112,0
DA:113,0
DA:114,0
DA:115,0
DA:116,0
DA:117,0
DA:118,0
DA:119,0
DA:120,0
DA:121,0
DA:122,0
DA:123,0
DA:124,0
DA:125,0
DA:126,0
DA:127,0
DA:128,0
DA:129,0
DA:130,0
DA:131,0
DA:132,0
DA:133,0
DA:134,0
DA:135,0
DA:136,0
DA:137,0
DA:138,0
DA:139,0
DA:140,0
DA:141,0
DA:142,0
DA:143,0
DA:144,0
DA:145,0
DA:146,0
DA:147,0
DA:148,1
DA:149,1
DA:150,1
DA:151,1
DA:152,1
DA:153,1
DA:154,1
DA:155,1
LF:155
LH:67
BRDA:14,0,0,1
BRDA:18,1,0,1
BRDA:54,2,0,0
BRF:3
BRH:2
end_of_record
TN:
SF:src\controllers\adminController.js
FN:12,calculateAge
FN:23,formatFullname
FN:54,sanitizeInput
FN:62,validateAge
FN:70,validateFileFormat
FN:83,destination
FN:84,filename
FN:88,bulkUploadUsers
FN:296,bulkDeleteUsers
FNF:9
FNH:0
FNDA:0,calculateAge
FNDA:0,formatFullname
FNDA:0,sanitizeInput
FNDA:0,validateAge
FNDA:0,validateFileFormat
FNDA:0,destination
FNDA:0,filename
FNDA:0,bulkUploadUsers
FNDA:0,bulkDeleteUsers
DA:1,1
DA:2,1
DA:3,1
DA:4,1
DA:5,1
DA:6,1
DA:7,1
DA:8,1
DA:9,1
DA:10,1
DA:11,1
DA:12,1
DA:13,0
DA:14,0
DA:15,0
DA:16,0
DA:17,0
DA:18,0
DA:19,0
DA:20,0
DA:21,0
DA:22,1
DA:23,1
DA:24,0
DA:25,0
DA:26,0
DA:27,0
DA:28,0
DA:29,0
DA:30,0
DA:31,0
DA:32,0
DA:33,1
DA:34,1
DA:35,1
DA:36,1
DA:37,1
DA:38,1
DA:39,1
DA:40,1
DA:41,1
DA:42,1
DA:43,1
DA:44,1
DA:45,1
DA:46,1
DA:47,1
DA:48,1
DA:49,1
DA:50,1
DA:51,1
DA:52,1
DA:53,1
DA:54,1
DA:55,0
DA:56,0
DA:57,0
DA:58,0
DA:59,0
DA:60,1
DA:61,1
DA:62,1
DA:63,0
DA:64,0
DA:65,0
DA:66,0
DA:67,0
DA:68,0
DA:69,1
DA:70,1
DA:71,0
DA:72,0
DA:73,0
DA:74,0
DA:75,0
DA:76,0
DA:77,0
DA:78,1
DA:79,1
DA:80,1
DA:81,1
DA:82,1
DA:83,1
DA:84,1
DA:85,1
DA:86,1
DA:87,1
DA:88,1
DA:89,0
DA:90,0
DA:91,0
DA:92,0
DA:93,0
DA:94,0
DA:95,0
DA:96,0
DA:97,0
DA:98,0
DA:99,0
DA:100,0
DA:101,0
DA:102,0
DA:103,0
DA:104,0
DA:105,0
DA:106,0
DA:107,0
DA:108,0
DA:109,0
DA:110,0
DA:111,0
DA:112,0
DA:113,0
DA:114,0
DA:115,0
DA:116,0
DA:117,0
DA:118,0
DA:119,0
DA:120,0
DA:121,0
DA:122,0
DA:123,0
DA:124,0
DA:125,0
DA:126,0
DA:127,0
DA:128,0
DA:129,0
DA:130,0
DA:131,0
DA:132,0
DA:133,0
DA:134,0
DA:135,0
DA:136,0
DA:137,0
DA:138,0
DA:139,0
DA:140,0
DA:141,0
DA:142,0
DA:143,0
DA:144,0
DA:145,0
DA:146,0
DA:147,0
DA:148,0
DA:149,0
DA:150,0
DA:151,0
DA:152,0
DA:153,0
DA:154,0
DA:155,0
DA:156,0
DA:157,0
DA:158,0
DA:159,0
DA:160,0
DA:161,0
DA:162,0
DA:163,0
DA:164,0
DA:165,0
DA:166,0
DA:167,0
DA:168,0
DA:169,0
DA:170,0
DA:171,0
DA:172,0
DA:173,0
DA:174,0
DA:175,0
DA:176,0
DA:177,0
DA:178,0
DA:179,0
DA:180,0
DA:181,0
DA:182,0
DA:183,0
DA:184,0
DA:185,0
DA:186,0
DA:187,0
DA:188,0
DA:189,0
DA:190,0
DA:191,0
DA:192,0
DA:193,0
DA:194,0
DA:195,0
DA:196,0
DA:197,0
DA:198,0
DA:199,0
DA:200,0
DA:201,0
DA:202,0
DA:203,0
DA:204,0
DA:205,0
DA:206,0
DA:207,0
DA:208,0
DA:209,0
DA:210,0
DA:211,0
DA:212,0
DA:213,0
DA:214,0
DA:215,0
DA:216,0
DA:217,0
DA:218,0
DA:219,0
DA:220,0
DA:221,0
DA:222,0
DA:223,0
DA:224,0
DA:225,0
DA:226,0
DA:227,0
DA:228,0
DA:229,0
DA:230,0
DA:231,0
DA:232,0
DA:233,0
DA:234,0
DA:235,0
DA:236,0
DA:237,0
DA:238,0
DA:239,0
DA:240,0
DA:241,0
DA:242,0
DA:243,0
DA:244,0
DA:245,0
DA:246,0
DA:247,0
DA:248,0
DA:249,0
DA:250,0
DA:251,0
DA:252,0
DA:253,0
DA:254,0
DA:255,0
DA:256,0
DA:257,0
DA:258,0
DA:259,0
DA:260,0
DA:261,0
DA:262,0
DA:263,0
DA:264,0
DA:265,0
DA:266,0
DA:267,0
DA:268,0
DA:269,0
DA:270,0
DA:271,0
DA:272,0
DA:273,0
DA:274,0
DA:275,0
DA:276,0
DA:277,0
DA:278,0
DA:279,0
DA:280,0
DA:281,0
DA:282,0
DA:283,0
DA:284,0
DA:285,0
DA:286,0
DA:287,0
DA:288,0
DA:289,0
DA:290,0
DA:291,0
DA:292,0
DA:293,0
DA:294,0
DA:295,1
DA:296,1
DA:297,0
DA:298,0
DA:299,0
DA:300,0
DA:301,0
DA:302,0
DA:303,0
DA:304,0
DA:305,0
DA:306,0
DA:307,0
DA:308,0
DA:309,0
DA:310,0
DA:311,0
DA:312,0
DA:313,0
DA:314,0
DA:315,0
DA:316,0
DA:317,0
DA:318,0
DA:319,0
DA:320,0
DA:321,0
DA:322,0
DA:323,0
DA:324,0
DA:325,0
DA:326,0
DA:327,0
DA:328,0
DA:329,0
DA:330,0
DA:331,0
DA:332,0
DA:333,0
DA:334,0
DA:335,0
DA:336,0
DA:337,0
DA:338,0
DA:339,0
DA:340,0
DA:341,0
DA:342,0
DA:343,0
DA:344,0
DA:345,0
DA:346,0
DA:347,0
DA:348,0
DA:349,0
DA:350,0
DA:351,0
DA:352,0
DA:353,0
DA:354,0
DA:355,0
DA:356,0
DA:357,0
DA:358,0
DA:359,0
DA:360,0
DA:361,0
DA:362,0
DA:363,0
DA:364,0
DA:365,0
DA:366,0
DA:367,0
DA:368,0
DA:369,0
DA:370,0
DA:371,0
DA:372,0
DA:373,0
DA:374,0
DA:375,0
DA:376,0
DA:377,0
DA:378,0
DA:379,0
DA:380,1
DA:381,1
LF:381
LH:56
BRF:0
BRH:0
end_of_record
TN:
SF:src\controllers\auditController.js
FN:4,getAuditLogs
FNF:1
FNH:0
FNDA:0,getAuditLogs
DA:1,1
DA:2,1
DA:3,1
DA:4,1
DA:5,0
DA:6,0
DA:7,0
DA:8,0
DA:9,0
DA:10,0
DA:11,0
DA:12,0
DA:13,0
DA:14,0
DA:15,0
DA:16,0
DA:17,0
DA:18,0
DA:19,0
DA:20,0
DA:21,0
DA:22,0
DA:23,0
DA:24,0
DA:25,1
DA:26,1
LF:26
LH:6
BRF:0
BRH:0
end_of_record
TN:
SF:src\controllers\authController.js
FN:12,calculateAge
FN:24,validateAge
FN:32,signUp
FN:119,verifyEmail
FN:179,resendVerificationCode
FN:231,signIn
FN:338,verify2faLogin
FN:429,refreshToken
FN:466,logout
FN:510,requestPasswordReset
FN:544,resetPasswordWithCode
FNF:11
FNH:3
FNDA:1,calculateAge
FNDA:1,validateAge
FNDA:1,signUp
FNDA:0,verifyEmail
FNDA:0,resendVerificationCode
FNDA:0,signIn
FNDA:0,verify2faLogin
FNDA:0,refreshToken
FNDA:0,logout
FNDA:0,requestPasswordReset
FNDA:0,resetPasswordWithCode
DA:1,1
DA:2,1
DA:3,1
DA:4,1
DA:5,1
DA:6,1
DA:7,1
DA:8,1
DA:9,1
DA:10,1
DA:11,1
DA:12,1
DA:13,1
DA:14,1
DA:15,1
DA:16,1
DA:17,1
DA:18,0
DA:19,0
DA:20,1
DA:21,1
DA:22,1
DA:23,1
DA:24,1
DA:25,1
DA:26,1
DA:27,0
DA:28,0
DA:29,1
DA:30,1
DA:31,1
DA:32,1
DA:33,1
DA:34,1
DA:35,1
DA:36,0
DA:37,0
DA:38,1
DA:39,1
DA:40,1
DA:41,1
DA:42,1
DA:43,1
DA:44,1
DA:45,1
DA:46,1
DA:47,1
DA:48,1
DA:49,0
DA:50,0
DA:51,1
DA:52,1
DA:53,1
DA:54,0
DA:55,0
DA:56,1
DA:57,1
DA:58,1
DA:59,1
DA:60,0
DA:61,0
DA:62,1
DA:63,1
DA:64,1
DA:65,1
DA:66,0
DA:67,0
DA:68,1
DA:69,1
DA:70,1
DA:71,1
DA:72,1
DA:73,1
DA:74,1
DA:75,1
DA:76,1
DA:77,1
DA:78,1
DA:79,1
DA:80,0
DA:81,0
DA:82,1
DA:83,1
DA:84,0
DA:85,0
DA:86,1
DA:87,1
DA:88,1
DA:89,1
DA:90,1
DA:91,1
DA:92,1
DA:93,1
DA:94,1
DA:95,1
DA:96,1
DA:97,1
DA:98,1
DA:99,1
DA:100,1
DA:101,1
DA:102,1
DA:103,1
DA:104,1
DA:105,1
DA:106,1
DA:107,1
DA:108,1
DA:109,0
DA:110,0
DA:111,0
DA:112,0
DA:113,0
DA:114,1
DA:115,1
DA:116,1
DA:117,1
DA:118,1
DA:119,1
DA:120,0
DA:121,0
DA:122,0
DA:123,0
DA:124,0
DA:125,0
DA:126,0
DA:127,0
DA:128,0
DA:129,0
DA:130,0
DA:131,0
DA:132,0
DA:133,0
DA:134,0
DA:135,0
DA:136,0
DA:137,0
DA:138,0
DA:139,0
DA:140,0
DA:141,0
DA:142,0
DA:143,0
DA:144,0
DA:145,0
DA:146,0
DA:147,0
DA:148,0
DA:149,0
DA:150,0
DA:151,0
DA:152,0
DA:153,0
DA:154,0
DA:155,0
DA:156,0
DA:157,0
DA:158,0
DA:159,0
DA:160,0
DA:161,0
DA:162,0
DA:163,0
DA:164,0
DA:165,0
DA:166,0
DA:167,0
DA:168,0
DA:169,0
DA:170,0
DA:171,0
DA:172,0
DA:173,0
DA:174,0
DA:175,0
DA:176,0
DA:177,0
DA:178,1
DA:179,1
DA:180,0
DA:181,0
DA:182,0
DA:183,0
DA:184,0
DA:185,0
DA:186,0
DA:187,0
DA:188,0
DA:189,0
DA:190,0
DA:191,0
DA:192,0
DA:193,0
DA:194,0
DA:195,0
DA:196,0
DA:197,0
DA:198,0
DA:199,0
DA:200,0
DA:201,0
DA:202,0
DA:203,0
DA:204,0
DA:205,0
DA:206,0
DA:207,0
DA:208,0
DA:209,0
DA:210,0
DA:211,0
DA:212,0
DA:213,0
DA:214,0
DA:215,0
DA:216,0
DA:217,0
DA:218,0
DA:219,0
DA:220,0
DA:221,0
DA:222,0
DA:223,0
DA:224,0
DA:225,0
DA:226,0
DA:227,0
DA:228,0
DA:229,0
DA:230,1
DA:231,1
DA:232,0
DA:233,0
DA:234,0
DA:235,0
DA:236,0
DA:237,0
DA:238,0
DA:239,0
DA:240,0
DA:241,0
DA:242,0
DA:243,0
DA:244,0
DA:245,0
DA:246,0
DA:247,0
DA:248,0
DA:249,0
DA:250,0
DA:251,0
DA:252,0
DA:253,0
DA:254,0
DA:255,0
DA:256,0
DA:257,0
DA:258,0
DA:259,0
DA:260,0
DA:261,0
DA:262,0
DA:263,0
DA:264,0
DA:265,0
DA:266,0
DA:267,0
DA:268,0
DA:269,0
DA:270,0
DA:271,0
DA:272,0
DA:273,0
DA:274,0
DA:275,0
DA:276,0
DA:277,0
DA:278,0
DA:279,0
DA:280,0
DA:281,0
DA:282,0
DA:283,0
DA:284,0
DA:285,0
DA:286,0
DA:287,0
DA:288,0
DA:289,0
DA:290,0
DA:291,0
DA:292,0
DA:293,0
DA:294,0
DA:295,0
DA:296,0
DA:297,0
DA:298,0
DA:299,0
DA:300,0
DA:301,0
DA:302,0
DA:303,0
DA:304,0
DA:305,0
DA:306,0
DA:307,0
DA:308,0
DA:309,0
DA:310,0
DA:311,0
DA:312,0
DA:313,0
DA:314,0
DA:315,0
DA:316,0
DA:317,0
DA:318,0
DA:319,0
DA:320,0
DA:321,0
DA:322,0
DA:323,0
DA:324,0
DA:325,0
DA:326,0
DA:327,0
DA:328,0
DA:329,0
DA:330,0
DA:331,0
DA:332,0
DA:333,0
DA:334,0
DA:335,0
DA:336,0
DA:337,1
DA:338,1
DA:339,0
DA:340,0
DA:341,0
DA:342,0
DA:343,0
DA:344,0
DA:345,0
DA:346,0
DA:347,0
DA:348,0
DA:349,0
DA:350,0
DA:351,0
DA:352,0
DA:353,0
DA:354,0
DA:355,0
DA:356,0
DA:357,0
DA:358,0
DA:359,0
DA:360,0
DA:361,0
DA:362,0
DA:363,0
DA:364,0
DA:365,0
DA:366,0
DA:367,0
DA:368,0
DA:369,0
DA:370,0
DA:371,0
DA:372,0
DA:373,0
DA:374,0
DA:375,0
DA:376,0
DA:377,0
DA:378,0
DA:379,0
DA:380,0
DA:381,0
DA:382,0
DA:383,0
DA:384,0
DA:385,0
DA:386,0
DA:387,0
DA:388,0
DA:389,0
DA:390,0
DA:391,0
DA:392,0
DA:393,0
DA:394,0
DA:395,0
DA:396,0
DA:397,0
DA:398,0
DA:399,0
DA:400,0
DA:401,0
DA:402,0
DA:403,0
DA:404,0
DA:405,0
DA:406,0
DA:407,0
DA:408,0
DA:409,0
DA:410,0
DA:411,0
DA:412,0
DA:413,0
DA:414,0
DA:415,0
DA:416,0
DA:417,0
DA:418,0
DA:419,0
DA:420,0
DA:421,0
DA:422,0
DA:423,0
DA:424,0
DA:425,0
DA:426,0
DA:427,0
DA:428,1
DA:429,1
DA:430,0
DA:431,0
DA:432,0
DA:433,0
DA:434,0
DA:435,0
DA:436,0
DA:437,0
DA:438,0
DA:439,0
DA:440,0
DA:441,0
DA:442,0
DA:443,0
DA:444,0
DA:445,0
DA:446,0
DA:447,0
DA:448,0
DA:449,0
DA:450,0
DA:451,0
DA:452,0
DA:453,0
DA:454,0
DA:455,0
DA:456,0
DA:457,0
DA:458,0
DA:459,0
DA:460,0
DA:461,0
DA:462,0
DA:463,0
DA:464,0
DA:465,1
DA:466,1
DA:467,0
DA:468,0
DA:469,0
DA:470,0
DA:471,0
DA:472,0
DA:473,0
DA:474,0
DA:475,0
DA:476,0
DA:477,0
DA:478,0
DA:479,0
DA:480,0
DA:481,0
DA:482,0
DA:483,0
DA:484,0
DA:485,0
DA:486,0
DA:487,0
DA:488,0
DA:489,0
DA:490,0
DA:491,0
DA:492,0
DA:493,0
DA:494,0
DA:495,0
DA:496,0
DA:497,0
DA:498,0
DA:499,0
DA:500,0
DA:501,0
DA:502,0
DA:503,0
DA:504,0
DA:505,0
DA:506,0
DA:507,0
DA:508,0
DA:509,1
DA:510,1
DA:511,0
DA:512,0
DA:513,0
DA:514,0
DA:515,0
DA:516,0
DA:517,0
DA:518,0
DA:519,0
DA:520,0
DA:521,0
DA:522,0
DA:523,0
DA:524,0
DA:525,0
DA:526,0
DA:527,0
DA:528,0
DA:529,0
DA:530,0
DA:531,0
DA:532,0
DA:533,0
DA:534,0
DA:535,0
DA:536,0
DA:537,0
DA:538,0
DA:539,0
DA:540,0
DA:541,0
DA:542,0
DA:543,1
DA:544,1
DA:545,0
DA:546,0
DA:547,0
DA:548,0
DA:549,0
DA:550,0
DA:551,0
DA:552,0
DA:553,0
DA:554,0
DA:555,0
DA:556,0
DA:557,0
DA:558,0
DA:559,0
DA:560,0
DA:561,0
DA:562,0
DA:563,0
DA:564,0
DA:565,0
DA:566,0
DA:567,0
DA:568,0
DA:569,0
DA:570,0
DA:571,0
DA:572,0
DA:573,0
DA:574,0
DA:575,0
DA:576,0
DA:577,0
DA:578,0
DA:579,0
DA:580,0
DA:581,0
DA:582,0
DA:583,0
DA:584,0
DA:585,0
DA:586,0
DA:587,0
DA:588,0
DA:589,0
DA:590,0
DA:591,0
DA:592,0
DA:593,0
DA:594,0
DA:595,0
DA:596,0
DA:597,0
DA:598,1
DA:599,1
LF:599
LH:112
BRDA:12,0,0,1
BRDA:17,1,0,0
BRDA:17,2,0,0
BRDA:24,3,0,1
BRDA:26,4,0,0
BRDA:32,5,0,1
BRDA:35,6,0,0
BRDA:44,7,0,0
BRDA:48,8,0,0
BRDA:53,9,0,0
BRDA:59,10,0,0
BRDA:65,11,0,0
BRDA:79,12,0,0
BRDA:83,13,0,0
BRDA:108,14,0,0
BRF:15
BRH:3
end_of_record
TN:
SF:src\controllers\departmentController.js
FN:6,createDepartment
FN:52,getDepartments
FN:75,getDepartmentById
FN:100,updateDepartment
FN:148,deleteDepartment
FNF:5
FNH:0
FNDA:0,createDepartment
FNDA:0,getDepartments
FNDA:0,getDepartmentById
FNDA:0,updateDepartment
FNDA:0,deleteDepartment
DA:1,1
DA:2,1
DA:3,1
DA:4,1
DA:5,1
DA:6,1
DA:7,0
DA:8,0
DA:9,0
DA:10,0
DA:11,0
DA:12,0
DA:13,0
DA:14,0
DA:15,0
DA:16,0
DA:17,0
DA:18,0
DA:19,0
DA:20,0
DA:21,0
DA:22,0
DA:23,0
DA:24,0
DA:25,0
DA:26,0
DA:27,0
DA:28,0
DA:29,0
DA:30,0
DA:31,0
DA:32,0
DA:33,0
DA:34,0
DA:35,0
DA:36,0
DA:37,0
DA:38,0
DA:39,0
DA:40,0
DA:41,0
DA:42,0
DA:43,0
DA:44,0
DA:45,0
DA:46,0
DA:47,0
DA:48,0
DA:49,0
DA:50,1
DA:51,1
DA:52,1
DA:53,0
DA:54,0
DA:55,0
DA:56,0
DA:57,0
DA:58,0
DA:59,0
DA:60,0
DA:61,0
DA:62,0
DA:63,0
DA:64,0
DA:65,0
DA:66,0
DA:67,0
DA:68,0
DA:69,0
DA:70,0
DA:71,0
DA:72,0
DA:73,1
DA:74,1
DA:75,1
DA:76,0
DA:77,0
DA:78,0
DA:79,0
DA:80,0
DA:81,0
DA:82,0
DA:83,0
DA:84,0
DA:85,0
DA:86,0
DA:87,0
DA:88,0
DA:89,0
DA:90,0
DA:91,0
DA:92,0
DA:93,0
DA:94,0
DA:95,0
DA:96,0
DA:97,0
DA:98,1
DA:99,1
DA:100,1
DA:101,0
DA:102,0
DA:103,0
DA:104,0
DA:105,0
DA:106,0
DA:107,0
DA:108,0
DA:109,0
DA:110,0
DA:111,0
DA:112,0
DA:113,0
DA:114,0
DA:115,0
DA:116,0
DA:117,0
DA:118,0
DA:119,0
DA:120,0
DA:121,0
DA:122,0
DA:123,0
DA:124,0
DA:125,0
DA:126,0
DA:127,0
DA:128,0
DA:129,0
DA:130,0
DA:131,0
DA:132,0
DA:133,0
DA:134,0
DA:135,0
DA:136,0
DA:137,0
DA:138,0
DA:139,0
DA:140,0
DA:141,0
DA:142,0
DA:143,0
DA:144,0
DA:145,0
DA:146,1
DA:147,1
DA:148,1
DA:149,0
DA:150,0
DA:151,0
DA:152,0
DA:153,0
DA:154,0
DA:155,0
DA:156,0
DA:157,0
DA:158,0
DA:159,0
DA:160,0
DA:161,0
DA:162,0
DA:163,0
DA:164,0
DA:165,0
DA:166,0
DA:167,0
DA:168,0
DA:169,0
DA:170,0
DA:171,0
DA:172,0
DA:173,0
DA:174,0
DA:175,0
DA:176,0
DA:177,0
DA:178,0
DA:179,0
DA:180,0
DA:181,0
DA:182,0
DA:183,0
DA:184,0
DA:185,0
DA:186,1
DA:187,1
DA:188,1
DA:189,1
DA:190,1
DA:191,1
DA:192,1
DA:193,1
LF:193
LH:26
BRF:0
BRH:0
end_of_record
TN:
SF:src\controllers\specialtyController.js
FN:6,createSpecialty
FN:47,getSpecialties
FN:89,getSpecialtyById
FN:141,updateSpecialty
FN:179,deleteSpecialty
FNF:5
FNH:0
FNDA:0,createSpecialty
FNDA:0,getSpecialties
FNDA:0,getSpecialtyById
FNDA:0,updateSpecialty
FNDA:0,deleteSpecialty
DA:1,1
DA:2,1
DA:3,1
DA:4,1
DA:5,1
DA:6,1
DA:7,0
DA:8,0
DA:9,0
DA:10,0
DA:11,0
DA:12,0
DA:13,0
DA:14,0
DA:15,0
DA:16,0
DA:17,0
DA:18,0
DA:19,0
DA:20,0
DA:21,0
DA:22,0
DA:23,0
DA:24,0
DA:25,0
DA:26,0
DA:27,0
DA:28,0
DA:29,0
DA:30,0
DA:31,0
DA:32,0
DA:33,0
DA:34,0
DA:35,0
DA:36,0
DA:37,0
DA:38,0
DA:39,0
DA:40,0
DA:41,0
DA:42,0
DA:43,0
DA:44,1
DA:45,1
DA:46,1
DA:47,1
DA:48,0
DA:49,0
DA:50,0
DA:51,0
DA:52,0
DA:53,0
DA:54,0
DA:55,0
DA:56,0
DA:57,0
DA:58,0
DA:59,0
DA:60,0
DA:61,0
DA:62,0
DA:63,0
DA:64,0
DA:65,0
DA:66,0
DA:67,0
DA:68,0
DA:69,0
DA:70,0
DA:71,0
DA:72,0
DA:73,0
DA:74,0
DA:75,0
DA:76,0
DA:77,0
DA:78,0
DA:79,0
DA:80,0
DA:81,0
DA:82,0
DA:83,0
DA:84,0
DA:85,0
DA:86,0
DA:87,1
DA:88,1
DA:89,1
DA:90,0
DA:91,0
DA:92,0
DA:93,0
DA:94,0
DA:95,0
DA:96,0
DA:97,0
DA:98,0
DA:99,0
DA:100,0
DA:101,0
DA:102,0
DA:103,0
DA:104,0
DA:105,0
DA:106,0
DA:107,0
DA:108,0
DA:109,0
DA:110,0
DA:111,0
DA:112,0
DA:113,0
DA:114,0
DA:115,0
DA:116,0
DA:117,0
DA:118,0
DA:119,0
DA:120,0
DA:121,0
DA:122,0
DA:123,0
DA:124,0
DA:125,0
DA:126,0
DA:127,0
DA:128,0
DA:129,0
DA:130,0
DA:131,0
DA:132,0
DA:133,0
DA:134,0
DA:135,0
DA:136,0
DA:137,0
DA:138,0
DA:139,1
DA:140,1
DA:141,1
DA:142,0
DA:143,0
DA:144,0
DA:145,0
DA:146,0
DA:147,0
DA:148,0
DA:149,0
DA:150,0
DA:151,0
DA:152,0
DA:153,0
DA:154,0
DA:155,0
DA:156,0
DA:157,0
DA:158,0
DA:159,0
DA:160,0
DA:161,0
DA:162,0
DA:163,0
DA:164,0
DA:165,0
DA:166,0
DA:167,0
DA:168,0
DA:169,0
DA:170,0
DA:171,0
DA:172,0
DA:173,0
DA:174,0
DA:175,0
DA:176,0
DA:177,1
DA:178,1
DA:179,1
DA:180,0
DA:181,0
DA:182,0
DA:183,0
DA:184,0
DA:185,0
DA:186,0
DA:187,0
DA:188,0
DA:189,0
DA:190,0
DA:191,0
DA:192,0
DA:193,0
DA:194,0
DA:195,0
DA:196,0
DA:197,0
DA:198,0
DA:199,0
DA:200,0
DA:201,0
DA:202,0
DA:203,0
DA:204,0
DA:205,0
DA:206,0
DA:207,0
DA:208,0
DA:209,0
DA:210,0
DA:211,0
DA:212,0
DA:213,0
DA:214,0
DA:215,0
DA:216,0
DA:217,0
DA:218,0
DA:219,0
DA:220,0
DA:221,0
DA:222,0
DA:223,0
DA:224,0
DA:225,0
DA:226,0
DA:227,1
DA:228,1
DA:229,1
DA:230,1
DA:231,1
DA:232,1
DA:233,1
DA:234,1
LF:234
LH:27
BRF:0
BRH:0
end_of_record
TN:
SF:src\controllers\userController.js
FN:6,getAllUsers
FN:53,getUserById
FN:111,updateUser
FN:162,updateUserState
FN:210,getUserPage
FN:268,deleteUser
FN:316,calculateAge
FNF:7
FNH:0
FNDA:0,getAllUsers
FNDA:0,getUserById
FNDA:0,updateUser
FNDA:0,updateUserState
FNDA:0,getUserPage
FNDA:0,deleteUser
FNDA:0,calculateAge
DA:1,1
DA:2,1
DA:3,1
DA:4,1
DA:5,1
DA:6,1
DA:7,0
DA:8,0
DA:9,0
DA:10,0
DA:11,0
DA:12,0
DA:13,0
DA:14,0
DA:15,0
DA:16,0
DA:17,0
DA:18,0
DA:19,0
DA:20,0
DA:21,0
DA:22,0
DA:23,0
DA:24,0
DA:25,0
DA:26,0
DA:27,0
DA:28,0
DA:29,0
DA:30,0
DA:31,0
DA:32,0
DA:33,0
DA:34,0
DA:35,0
DA:36,0
DA:37,0
DA:38,0
DA:39,0
DA:40,0
DA:41,0
DA:42,0
DA:43,0
DA:44,0
DA:45,0
DA:46,0
DA:47,0
DA:48,0
DA:49,0
DA:50,0
DA:51,1
DA:52,1
DA:53,1
DA:54,0
DA:55,0
DA:56,0
DA:57,0
DA:58,0
DA:59,0
DA:60,0
DA:61,0
DA:62,0
DA:63,0
DA:64,0
DA:65,0
DA:66,0
DA:67,0
DA:68,0
DA:69,0
DA:70,0
DA:71,0
DA:72,0
DA:73,0
DA:74,0
DA:75,0
DA:76,0
DA:77,0
DA:78,0
DA:79,0
DA:80,0
DA:81,0
DA:82,0
DA:83,0
DA:84,0
DA:85,0
DA:86,0
DA:87,0
DA:88,0
DA:89,0
DA:90,0
DA:91,0
DA:92,0
DA:93,0
DA:94,0
DA:95,0
DA:96,0
DA:97,0
DA:98,0
DA:99,0
DA:100,0
DA:101,0
DA:102,0
DA:103,0
DA:104,0
DA:105,0
DA:106,0
DA:107,0
DA:108,0
DA:109,1
DA:110,1
DA:111,1
DA:112,0
DA:113,0
DA:114,0
DA:115,0
DA:116,0
DA:117,0
DA:118,0
DA:119,0
DA:120,0
DA:121,0
DA:122,0
DA:123,0
DA:124,0
DA:125,0
DA:126,0
DA:127,0
DA:128,0
DA:129,0
DA:130,0
DA:131,0
DA:132,0
DA:133,0
DA:134,0
DA:135,0
DA:136,0
DA:137,0
DA:138,0
DA:139,0
DA:140,0
DA:141,0
DA:142,0
DA:143,0
DA:144,0
DA:145,0
DA:146,0
DA:147,0
DA:148,0
DA:149,0
DA:150,0
DA:151,0
DA:152,0
DA:153,0
DA:154,0
DA:155,0
DA:156,0
DA:157,0
DA:158,0
DA:159,0
DA:160,1
DA:161,1
DA:162,1
DA:163,0
DA:164,0
DA:165,0
DA:166,0
DA:167,0
DA:168,0
DA:169,0
DA:170,0
DA:171,0
DA:172,0
DA:173,0
DA:174,0
DA:175,0
DA:176,0
DA:177,0
DA:178,0
DA:179,0
DA:180,0
DA:181,0
DA:182,0
DA:183,0
DA:184,0
DA:185,0
DA:186,0
DA:187,0
DA:188,0
DA:189,0
DA:190,0
DA:191,0
DA:192,0
DA:193,0
DA:194,0
DA:195,0
DA:196,0
DA:197,0
DA:198,0
DA:199,0
DA:200,0
DA:201,0
DA:202,0
DA:203,0
DA:204,0
DA:205,0
DA:206,0
DA:207,0
DA:208,1
DA:209,1
DA:210,1
DA:211,0
DA:212,0
DA:213,0
DA:214,0
DA:215,0
DA:216,0
DA:217,0
DA:218,0
DA:219,0
DA:220,0
DA:221,0
DA:222,0
DA:223,0
DA:224,0
DA:225,0
DA:226,0
DA:227,0
DA:228,0
DA:229,0
DA:230,0
DA:231,0
DA:232,0
DA:233,0
DA:234,0
DA:235,0
DA:236,0
DA:237,0
DA:238,0
DA:239,0
DA:240,0
DA:241,0
DA:242,0
DA:243,0
DA:244,0
DA:245,0
DA:246,0
DA:247,0
DA:248,0
DA:249,0
DA:250,0
DA:251,0
DA:252,0
DA:253,0
DA:254,0
DA:255,0
DA:256,0
DA:257,0
DA:258,0
DA:259,0
DA:260,0
DA:261,0
DA:262,0
DA:263,0
DA:264,0
DA:265,0
DA:266,1
DA:267,1
DA:268,1
DA:269,0
DA:270,0
DA:271,0
DA:272,0
DA:273,0
DA:274,0
DA:275,0
DA:276,0
DA:277,0
DA:278,0
DA:279,0
DA:280,0
DA:281,0
DA:282,0
DA:283,0
DA:284,0
DA:285,0
DA:286,0
DA:287,0
DA:288,0
DA:289,0
DA:290,0
DA:291,0
DA:292,0
DA:293,0
DA:294,0
DA:295,0
DA:296,0
DA:297,0
DA:298,0
DA:299,0
DA:300,0
DA:301,0
DA:302,0
DA:303,0
DA:304,0
DA:305,0
DA:306,0
DA:307,0
DA:308,0
DA:309,0
DA:310,0
DA:311,0
DA:312,0
DA:313,0
DA:314,0
DA:315,1
DA:316,1
DA:317,0
DA:318,0
DA:319,0
DA:320,0
DA:321,0
DA:322,0
DA:323,0
DA:324,0
DA:325,0
DA:326,1
DA:327,1
LF:327
LH:25
BRF:0
BRH:0
end_of_record
TN:
SF:src\controllers\userSpecialtyController.js
FN:6,assignSpecialtyToUser
FN:51,getUserSpecialties
FN:96,getSpecialtyUsers
FN:142,removeUserSpecialty
FNF:4
FNH:0
FNDA:0,assignSpecialtyToUser
FNDA:0,getUserSpecialties
FNDA:0,getSpecialtyUsers
FNDA:0,removeUserSpecialty
DA:1,1
DA:2,1
DA:3,1
DA:4,1
DA:5,1
DA:6,1
DA:7,0
DA:8,0
DA:9,0
DA:10,0
DA:11,0
DA:12,0
DA:13,0
DA:14,0
DA:15,0
DA:16,0
DA:17,0
DA:18,0
DA:19,0
DA:20,0
DA:21,0
DA:22,0
DA:23,0
DA:24,0
DA:25,0
DA:26,0
DA:27,0
DA:28,0
DA:29,0
DA:30,0
DA:31,0
DA:32,0
DA:33,0
DA:34,0
DA:35,0
DA:36,0
DA:37,0
DA:38,0
DA:39,0
DA:40,0
DA:41,0
DA:42,0
DA:43,0
DA:44,0
DA:45,0
DA:46,0
DA:47,0
DA:48,0
DA:49,1
DA:50,1
DA:51,1
DA:52,0
DA:53,0
DA:54,0
DA:55,0
DA:56,0
DA:57,0
DA:58,0
DA:59,0
DA:60,0
DA:61,0
DA:62,0
DA:63,0
DA:64,0
DA:65,0
DA:66,0
DA:67,0
DA:68,0
DA:69,0
DA:70,0
DA:71,0
DA:72,0
DA:73,0
DA:74,0
DA:75,0
DA:76,0
DA:77,0
DA:78,0
DA:79,0
DA:80,0
DA:81,0
DA:82,0
DA:83,0
DA:84,0
DA:85,0
DA:86,0
DA:87,0
DA:88,0
DA:89,0
DA:90,0
DA:91,0
DA:92,0
DA:93,0
DA:94,1
DA:95,1
DA:96,1
DA:97,0
DA:98,0
DA:99,0
DA:100,0
DA:101,0
DA:102,0
DA:103,0
DA:104,0
DA:105,0
DA:106,0
DA:107,0
DA:108,0
DA:109,0
DA:110,0
DA:111,0
DA:112,0
DA:113,0
DA:114,0
DA:115,0
DA:116,0
DA:117,0
DA:118,0
DA:119,0
DA:120,0
DA:121,0
DA:122,0
DA:123,0
DA:124,0
DA:125,0
DA:126,0
DA:127,0
DA:128,0
DA:129,0
DA:130,0
DA:131,0
DA:132,0
DA:133,0
DA:134,0
DA:135,0
DA:136,0
DA:137,0
DA:138,0
DA:139,0
DA:140,1
DA:141,1
DA:142,1
DA:143,0
DA:144,0
DA:145,0
DA:146,0
DA:147,0
DA:148,0
DA:149,0
DA:150,0
DA:151,0
DA:152,0
DA:153,0
DA:154,0
DA:155,0
DA:156,0
DA:157,0
DA:158,0
DA:159,0
DA:160,0
DA:161,0
DA:162,0
DA:163,0
DA:164,0
DA:165,0
DA:166,0
DA:167,0
DA:168,0
DA:169,0
DA:170,0
DA:171,0
DA:172,0
DA:173,0
DA:174,0
DA:175,0
DA:176,0
DA:177,0
DA:178,0
DA:179,0
DA:180,0
DA:181,0
DA:182,0
DA:183,0
DA:184,0
DA:185,0
DA:186,0
DA:187,0
DA:188,0
DA:189,0
DA:190,0
DA:191,0
DA:192,0
DA:193,0
DA:194,0
DA:195,0
DA:196,0
DA:197,0
DA:198,0
DA:199,0
DA:200,0
DA:201,0
DA:202,0
DA:203,0
DA:204,0
DA:205,1
DA:206,1
LF:206
LH:17
BRF:0
BRH:0
end_of_record
TN:
SF:src\generated\prisma\index.js
FNF:0
FNH:0
DA:1,1
DA:2,1
DA:3,1
DA:4,1
DA:5,1
DA:6,1
DA:7,1
DA:8,1
DA:9,1
DA:10,1
DA:11,1
DA:12,1
DA:13,1
DA:14,1
DA:15,1
DA:16,1
DA:17,1
DA:18,1
DA:19,1
DA:20,1
DA:21,1
DA:22,1
DA:23,1
DA:24,1
DA:25,1
DA:26,1
DA:27,1
DA:28,1
DA:29,1
DA:30,1
DA:31,1
DA:32,1
DA:33,1
DA:34,1
DA:35,1
DA:36,1
DA:37,1
DA:38,1
DA:39,1
DA:40,1
DA:41,1
DA:42,1
DA:43,1
DA:44,1
DA:45,1
DA:46,1
DA:47,1
DA:48,1
DA:49,1
DA:50,1
DA:51,1
DA:52,1
DA:53,1
DA:54,1
DA:55,1
DA:56,1
DA:57,1
DA:58,1
DA:59,1
DA:60,1
DA:61,1
DA:62,1
DA:63,1
DA:64,1
DA:65,1
DA:66,1
DA:67,1
DA:68,1
DA:69,1
DA:70,1
DA:71,1
DA:72,1
DA:73,1
DA:74,1
DA:75,1
DA:76,1
DA:77,1
DA:78,1
DA:79,1
DA:80,1
DA:81,1
DA:82,1
DA:83,1
DA:84,1
DA:85,1
DA:86,1
DA:87,1
DA:88,1
DA:89,1
DA:90,1
DA:91,1
DA:92,1
DA:93,1
DA:94,1
DA:95,1
DA:96,1
DA:97,1
DA:98,1
DA:99,1
DA:100,1
DA:101,1
DA:102,1
DA:103,1
DA:104,1
DA:105,1
DA:106,1
DA:107,1
DA:108,1
DA:109,1
DA:110,1
DA:111,1
DA:112,1
DA:113,1
DA:114,1
DA:115,1
DA:116,1
DA:117,1
DA:118,1
DA:119,1
DA:120,1
DA:121,1
DA:122,1
DA:123,1
DA:124,1
DA:125,1
DA:126,1
DA:127,1
DA:128,1
DA:129,1
DA:130,1
DA:131,1
DA:132,1
DA:133,1
DA:134,1
DA:135,1
DA:136,1
DA:137,1
DA:138,1
DA:139,1
DA:140,1
DA:141,1
DA:142,1
DA:143,1
DA:144,1
DA:145,1
DA:146,1
DA:147,1
DA:148,1
DA:149,1
DA:150,1
DA:151,1
DA:152,1
DA:153,1
DA:154,1
DA:155,1
DA:156,1
DA:157,1
DA:158,1
DA:159,1
DA:160,1
DA:161,1
DA:162,1
DA:163,1
DA:164,1
DA:165,1
DA:166,1
DA:167,1
DA:168,1
DA:169,1
DA:170,1
DA:171,1
DA:172,1
DA:173,1
DA:174,1
DA:175,1
DA:176,1
DA:177,1
DA:178,1
DA:179,1
DA:180,1
DA:181,1
DA:182,1
DA:183,1
DA:184,1
DA:185,1
DA:186,1
DA:187,1
DA:188,1
DA:189,1
DA:190,1
DA:191,1
DA:192,1
DA:193,1
DA:194,1
DA:195,1
DA:196,1
DA:197,1
DA:198,1
DA:199,1
DA:200,1
DA:201,1
DA:202,1
DA:203,1
DA:204,1
DA:205,1
DA:206,1
DA:207,1
DA:208,1
DA:209,1
DA:210,1
DA:211,1
DA:212,1
DA:213,1
DA:214,1
DA:215,1
DA:216,1
DA:217,1
DA:218,1
DA:219,1
DA:220,1
DA:221,1
DA:222,1
DA:223,1
DA:224,1
DA:225,1
DA:226,1
DA:227,1
DA:228,1
DA:229,1
DA:230,1
DA:231,1
DA:232,1
DA:233,1
DA:234,0
DA:235,0
DA:236,0
DA:237,0
DA:238,0
DA:239,0
DA:240,0
DA:241,0
DA:242,0
DA:243,0
DA:244,0
DA:245,0
DA:246,1
DA:247,1
DA:248,1
DA:249,1
DA:250,1
DA:251,1
DA:252,1
DA:253,1
DA:254,1
DA:255,1
DA:256,1
DA:257,1
DA:258,1
DA:259,1
DA:260,1
DA:261,1
DA:262,1
DA:263,1
DA:264,1
DA:265,1
DA:266,1
DA:267,1
DA:268,1
DA:269,1
LF:269
LH:257
BRDA:233,0,0,0
BRDA:256,1,0,0
BRF:2
BRH:0
end_of_record
TN:
SF:src\generated\prisma\runtime\library.js
FN:4,Do
FN:4,ue
FN:4,tr
FN:4,Oo
FN:4,get
FN:4,O
FN:4,vu
FN:4,is.exports
FN:4,yi
FN:4,bi
FN:4,Mc
FN:4,ls
FN:4,Ei
FN:4,gs.exports
FN:4,Es.exports
FN:4,ap
FN:6,lp
FN:6,up
FN:6,ot
FN:6,Ss
FN:6,cp
FN:6,Rs
FN:6,Ps
FN:6,pp
FN:6,dp
FN:6,mp
FN:6,fp
FN:6,gp
FN:6,cn.exports
FN:6,e
FN:6,DMMF
FN:6,Debug
FN:6,Decimal
FN:6,Extensions
FN:6,MetricsClient
FN:6,PrismaClientInitializationError
FN:6,PrismaClientKnownRequestError
FN:6,PrismaClientRustPanicError
FN:6,PrismaClientUnknownRequestError
FN:6,PrismaClientValidationError
FN:6,Public
FN:6,Sql
FN:6,createParam
FN:6,defineDmmfProperty
FN:6,deserializeJsonResponse
FN:6,deserializeRawResult
FN:6,dmmfToRuntimeDataModel
FN:6,empty
FN:6,getPrismaClient
FN:6,getRuntime
FN:6,join
FN:6,makeStrictEnum
FN:6,makeTypedQueryFactory
FN:6,objectEnumValues
FN:6,raw
FN:6,serializeJsonQuery
FN:6,skip
FN:6,sqltag
FN:6,warnEnvConflicts
FN:6,warnOnce
FN:6,defineExtension
FN:6,getExtensionContext
FN:6,ko
FN:6,_o
FN:6,validator
FN:6,No
FN:6,$
FN:6,bgBlack
FN:6,bgBlue
FN:6,bgCyan
FN:6,bgGreen
FN:6,bgMagenta
FN:6,bgRed
FN:6,bgWhite
FN:6,bgYellow
FN:6,black
FN:6,blue
FN:6,bold
FN:6,cyan
FN:6,dim
FN:6,gray
FN:6,green
FN:6,grey
FN:6,hidden
FN:6,inverse
FN:6,italic
FN:6,magenta
FN:6,red
FN:6,reset
FN:6,strikethrough
FN:6,underline
FN:6,white
FN:6,yellow
FN:6,F
FN:6,enable
FN:6,disable
FN:6,enabled
FN:6,log
FN:6,Bu
FN:6,extend
FN:6,t
FN:6,get
FN:6,set
FN:6,get
FN:6,set
FN:6,Uu
FN:6,Bo
FN:7,Uo
FN:7,ai
FN:7,Gt
FN:7,ui
FN:7,Qt
FN:7,Ee
FN:7,Ge
FN:7,Zr
FN:7,pe
FN:7,optional
FN:7,and
FN:7,or
FN:7,select
FN:7,Qu
FN:7,q
FN:7,Wu
FN:7,A
FN:7,A
FN:7,Qo
FN:7,ye
FN:7,Ve
FN:7,je
FN:7,Be
FN:7,startsWith
FN:7,endsWith
FN:7,minLength
FN:7,length
FN:7,maxLength
FN:7,includes
FN:7,regex
FN:7,be
FN:7,between
FN:7,lt
FN:7,gt
FN:7,lte
FN:7,gte
FN:7,int
FN:7,finite
FN:7,positive
FN:7,negative
FN:7,Ue
FN:7,between
FN:7,lt
FN:7,gt
FN:7,lte
FN:7,gte
FN:7,positive
FN:7,negative
FN:7,ci
FN:7,hr
FN:7,e
FN:7,with
FN:7,when
FN:7,otherwise
FN:7,exhaustive
FN:7,run
FN:7,returnType
FN:7,warn
FN:7,Jt
FN:7,Yo
FN:7,zu
FN:8,Zu
FN:8,Xu
FN:8,Wo
FN:8,zo
FN:8,ec
FN:8,rc
FN:8,Jo
FN:8,tc
FN:8,ir
FN:8,nc
FN:8,fi
FN:8,Zo
FN:8,ic
FN:9,oc
FN:9,Yt
FN:9,sc
FN:9,Xo
FN:9,beep
FN:9,clearScreen
FN:9,clearTerminal
FN:9,cursorBackward
FN:9,cursorDown
FN:9,cursorForward
FN:9,cursorGetPosition
FN:9,cursorHide
FN:9,cursorLeft
FN:9,cursorMove
FN:9,cursorNextLine
FN:9,cursorPrevLine
FN:9,cursorRestorePosition
FN:9,cursorSavePosition
FN:9,cursorShow
FN:9,cursorTo
FN:9,cursorUp
FN:9,enterAlternativeScreen
FN:9,eraseDown
FN:9,eraseEndLine
FN:9,eraseLine
FN:9,eraseLines
FN:9,eraseScreen
FN:9,eraseStartLine
FN:9,eraseUp
FN:9,exitAlternativeScreen
FN:9,iTerm
FN:9,image
FN:9,link
FN:9,scrollDown
FN:9,scrollUp
FN:9,lc
FN:9,uc
FN:9,cc
FN:9,rs
FN:9,pc
FN:9,dc
FN:9,mc
FN:9,xc
FN:9,_c
FN:9,Nc
FN:9,setCwd
FN:9,annotation
FN:9,or
FN:9,or.stderr
FN:9,wi
FN:9,Er
FN:9,jc
FN:9,Bc
FN:9,vi
FN:9,rn
FN:9,sr
FN:9,<instance_members_initializer>
FN:9,tn
FN:9,Uc
FN:9,ke
FN:9,Gc
FN:9,ms
FN:9,Ri
FN:9,Ai
FN:12,Ci
FN:12,an
FN:12,Ii
FN:12,ki
FN:12,Oi
FN:12,toString
FN:14,Kc
FN:14,Hc
FN:15,Yc
FN:15,error
FN:15,info
FN:15,log
FN:15,query
FN:15,should
FN:15,tags
FN:15,warn
FN:15,warn
FN:15,zc
FN:15,_i
FN:15,Zc
FN:15,Xc
FN:15,ep
FN:15,ln
FN:15,ar
FN:15,Ni
FN:15,wr
FN:15,Li
FN:15,Cs
FN:15,t
FN:15,st
FN:16,hp
FN:24,Is
FN:24,Ds
FN:24,yp
FN:24,Vi
FN:24,pn
FN:24,ji
FN:24,x
FN:24,at
FN:24,<instance_members_initializer>
FN:24,<instance_members_initializer>
FN:24,<instance_members_initializer>
FN:24,<instance_members_initializer>
FN:24,<instance_members_initializer>
FN:24,<instance_members_initializer>
FN:24,get
FN:24,set
FN:24,getOrCreate
FN:24,We
FN:24,_s
FN:24,lt
FN:24,get
FN:24,Ns
FN:24,Bi
FN:24,vr
FN:24,mn
FN:24,m.absoluteValue.m.abs
FN:24,m.ceil
FN:24,m.clampedTo.m.clamp
FN:24,m.comparedTo.m.cmp
FN:24,m.cosine.m.cos
FN:24,m.cubeRoot.m.cbrt
FN:24,m.decimalPlaces.m.dp
FN:24,m.dividedBy.m.div
FN:24,m.dividedToIntegerBy.m.divToInt
FN:24,m.equals.m.eq
FN:24,m.floor
FN:24,m.greaterThan.m.gt
FN:24,m.greaterThanOrEqualTo.m.gte
FN:24,m.hyperbolicCosine.m.cosh
FN:24,m.hyperbolicSine.m.sinh
FN:24,m.hyperbolicTangent.m.tanh
FN:24,m.inverseCosine.m.acos
FN:24,m.inverseHyperbolicCosine.m.acosh
FN:24,m.inverseHyperbolicSine.m.asinh
FN:24,m.inverseHyperbolicTangent.m.atanh
FN:24,m.inverseSine.m.asin
FN:24,m.inverseTangent.m.atan
FN:24,m.isFinite
FN:24,m.isInteger.m.isInt
FN:24,m.isNaN
FN:24,m.isNegative.m.isNeg
FN:24,m.isPositive.m.isPos
FN:24,m.isZero
FN:24,m.lessThan.m.lt
FN:24,m.lessThanOrEqualTo.m.lte
FN:24,m.logarithm.m.log
FN:24,m.minus.m.sub
FN:24,m.modulo.m.mod
FN:24,m.naturalExponential.m.exp
FN:24,m.naturalLogarithm.m.ln
FN:24,m.negated.m.neg
FN:24,m.plus.m.add
FN:24,m.precision.m.sd
FN:24,m.round
FN:24,m.sine.m.sin
FN:24,m.squareRoot.m.sqrt
FN:24,m.tangent.m.tan
FN:24,m.times.m.mul
FN:24,m.toBinary
FN:24,m.toDecimalPlaces.m.toDP
FN:24,m.toExponential
FN:24,m.toFixed
FN:24,m.toFraction
FN:24,m.toHexadecimal.m.toHex
FN:24,m.toNearest
FN:24,m.toNumber
FN:24,m.toOctal
FN:24,m.toPower.m.pow
FN:24,m.toPrecision
FN:24,m.toSignificantDigits.m.toSD
FN:24,m.toString
FN:24,m.truncated.m.trunc
FN:24,m.valueOf.m.toJSON
FN:24,J
FN:24,ne
FN:24,ut
FN:24,fn
FN:24,Pp
FN:24,e
FN:24,r
FN:24,t
FN:24,y
FN:24,ve
FN:24,wn
FN:24,bn
FN:24,xe
FN:24,Us
FN:24,Je
FN:24,Gs
FN:24,Ls
FN:24,Qs
FN:24,Wi
FN:24,Ke
FN:24,Ws
FN:24,gn
FN:24,Tp
FN:24,Sp
FN:24,Tr
FN:24,xn
FN:24,Js
FN:24,Ji
FN:24,Fs
FN:24,Rp
FN:24,Ap
FN:24,Cp
FN:24,Ip
FN:24,Dp
FN:24,Op
FN:24,kp
FN:24,_p
FN:24,Np
FN:24,Lp
FN:24,Fp
FN:24,Mp
FN:24,$p
FN:24,qp
FN:24,Vp
FN:24,Ks
FN:24,i
FN:24,jp
FN:24,Bp
FN:24,Up
FN:24,Gp
FN:24,Ms
FN:24,Qp
FN:24,Wp
FN:24,Jp
FN:24,Kp
FN:24,Hp
FN:24,Yp
FN:24,zp
FN:24,Zp
FN:24,Xp
FN:24,ed
FN:24,rd
FN:24,td
FN:24,nd
FN:24,id
FN:24,od
FN:24,sd
FN:24,ad
FN:24,ld
FN:24,ud
FN:24,cd
FN:24,Sr
FN:24,ModelAction
FN:24,datamodelEnumToSchemaEnum
FN:24,pd
FN:24,value
FN:24,variable
FN:24,string
FN:24,dd
FN:24,encode
FN:24,type
FN:24,objId
FN:24,e
FN:24,extend
FN:24,insertBefore
FN:24,e
FN:24,highlight
FN:24,matchGrammar
FN:24,tokenize
FN:24,add
FN:24,run
FN:24,ge
FN:24,ge.stringify
FN:24,fd
FN:24,Ys
FN:24,gd
FN:24,zs
FN:24,<instance_members_initializer>
FN:28,highlightSource
FN:28,red
FN:28,gray
FN:28,dim
FN:28,bold
FN:28,underline
FN:28,highlightSource
FN:28,bd
FN:28,Ed
FN:28,wd
FN:28,xd
FN:28,vd
FN:29,Pd
FN:29,Tn
FN:29,na
FN:29,ia
FN:29,Td
FN:29,Sd
FN:29,Rd
FN:29,ra
FN:29,ta
FN:29,<instance_members_initializer>
FN:29,<instance_members_initializer>
FN:30,Rn
FN:30,write
FN:30,markAsError
FN:30,An
FN:30,write
FN:30,<instance_members_initializer>
FN:30,<instance_members_initializer>
FN:30,<instance_members_initializer>
FN:30,<instance_members_initializer>
FN:30,Q
FN:30,getPrintWidth
FN:30,write
FN:30,asObject
FN:30,<instance_members_initializer>
FN:30,Sn
FN:30,Ad
FN:30,Cd
FN:31,Id
FN:31,Dd
FN:31,Od
FN:31,kd
FN:31,_d
FN:31,Nd
FN:31,Ld
FN:31,Fd
FN:31,ua
FN:31,Md
FN:31,ca
FN:31,$d
FN:31,qd
FN:31,Vd
FN:31,jd
FN:31,Bd
FN:31,pa
FN:31,Ud
FN:31,Gd
FN:31,Qd
FN:31,da
FN:31,ma
FN:31,Or
FN:31,dt
FN:31,In
FN:31,Jd
FN:31,<instance_members_initializer>
FN:31,kr
FN:31,Me
FN:31,_getName
FN:31,toString
FN:31,_getNamespace
FN:31,<instance_members_initializer>
FN:31,<instance_members_initializer>
FN:31,<instance_members_initializer>
FN:31,zi
FN:31,<instance_members_initializer>
FN:31,<instance_members_initializer>
FN:32,_r
FN:32,ga
FN:32,ha
FN:32,Kd
FN:32,_n
FN:32,Nn
FN:32,Te
FN:32,ba
FN:32,Hd
FN:32,ya
FN:32,Yd
FN:32,Ea
FN:32,wa
FN:32,<instance_members_initializer>
FN:32,e
FN:32,empty
FN:32,single
FN:32,isEmpty
FN:32,append
FN:32,getAllComputedFields
FN:32,getAllClientExtensions
FN:32,getAllModelExtensions
FN:32,getAllQueryCallbacks
FN:32,getAllBatchQueryCallbacks
FN:32,Fn
FN:32,xa
FN:32,va
FN:32,bt
FN:32,ifUndefined
FN:32,Se
FN:32,$n
FN:32,Et
FN:32,Zd
FN:32,Xd
FN:32,em
FN:32,rm
FN:32,tm
FN:32,Sa
FN:32,Ra
FN:32,nm
FN:32,im
FN:32,om
FN:32,eo
FN:32,<instance_members_initializer>
FN:32,e
FN:32,throwValidationError
FN:32,getSelectionPath
FN:32,getArgumentPath
FN:32,getArgumentName
FN:32,getOutputTypeDescription
FN:32,isRawAction
FN:32,isPreviewFeatureOn
FN:32,getComputedFields
FN:32,findField
FN:32,nestSelection
FN:32,getGlobalOmit
FN:32,shouldApplyGlobalOmit
FN:32,nestArgument
FN:32,Aa
FN:32,<instance_members_initializer>
FN:32,Lr
FN:32,prometheus
FN:32,json
FN:32,Ca
FN:32,get
FN:32,sm
FN:32,ro
FN:32,wt
FN:32,get sql
FN:32,get values
FN:32,Ia
FN:32,Vn
FN:32,e
FN:32,get sql
FN:32,get statement
FN:32,get text
FN:32,inspect
FN:32,Da
FN:32,no
FN:32,io
FN:32,xt
FN:32,getKeys
FN:32,getPropertyValue
FN:32,re
FN:32,getKeys
FN:32,getPropertyValue
FN:32,lr
FN:32,getKeys
FN:32,getPropertyValue
FN:32,getPropertyDescriptor
FN:32,Bn
FN:32,getPrototypeOf
FN:32,getOwnPropertyDescriptor
FN:32,has
FN:32,set
FN:32,ownKeys
FN:32,he
FN:32,get
FN:32,has
FN:32,ownKeys
FN:32,set
FN:32,getOwnPropertyDescriptor
FN:32,defineProperty
FN:32,getPrototypeOf
FN:32,i.<computed>
FN:32,am
FN:32,_a
FN:32,Fr
FN:32,Mr
FN:32,Na
FN:32,$r
FN:32,um
FN:33,La
FN:34,dm
FN:34,fm
FN:34,ym
FN:34,Em
FN:34,xm
FN:34,getLocation
FN:34,<instance_members_initializer>
FN:34,so
FN:34,getLocation
FN:34,Ze
FN:34,qr
FN:34,Pm
FN:34,Un
FN:34,Ma
FN:34,Tm
FN:34,Sm
FN:34,$a
FN:34,Rm
FN:34,Am
FN:34,qa
FN:34,Va
FN:34,ja
FN:34,Ba
FN:34,ao
FN:34,Ua
FN:34,Cm
FN:34,Im
FN:34,lo
FN:34,get
FN:34,Dm
FN:34,uo
FN:34,_m
FN:34,getKeys
FN:34,getPropertyValue
FN:34,s
FN:34,e._createPrismaPromise.action
FN:34,Nm
FN:34,Lm
FN:34,Ga
FN:34,Pt
FN:34,Fm
FN:34,getKeys
FN:34,getPropertyValue
FN:34,Mm
FN:34,getKeys
FN:34,getPropertyValue
FN:34,getPropertyDescriptor
FN:34,Qa
FN:34,Wa
FN:34,Ja
FN:34,$m
FN:34,qm
FN:34,Gn
FN:34,Ka
FN:34,Ha
FN:34,visitor
FN:34,za
FN:34,jm
FN:34,Bm
FN:34,Tt
FN:34,Xa
FN:34,el
FN:34,rl
FN:34,tl
FN:34,Za
FN:34,nl
FN:34,sl
FN:36,al
FN:36,Qn
FN:38,Um
FN:38,Xe
FN:38,er
FN:40,ll
FN:45,Wn
FN:46,Jn
FN:48,ul
FN:55,cl
FN:60,pl
FN:67,Qm
FN:67,ml
FN:67,Wm
FN:67,fl
FN:67,gl
FN:67,hl
FN:69,bl
FN:69,El
FN:113,wl
FN:113,Jm
FN:113,Km
FN:113,Vr
FN:113,Hm
FN:113,zm
FN:113,Zm
FN:113,Xm
FN:113,ef
FN:113,rf
FN:113,tf
FN:113,nf
FN:113,Kn
FN:113,jr
FN:113,<instance_members_initializer>
FN:113,<instance_members_initializer>
FN:113,R
FN:113,<instance_members_initializer>
FN:113,vl
FN:113,<instance_members_initializer>
FN:113,sf
FN:113,po
FN:113,<instance_members_initializer>
FN:113,<instance_members_initializer>
FN:113,<instance_members_initializer>
FN:113,<instance_members_initializer>
FN:113,<instance_members_initializer>
FN:113,<instance_members_initializer>
FN:113,<instance_members_initializer>
FN:113,<instance_members_initializer>
FN:113,<instance_members_initializer>
FN:113,<instance_members_initializer>
FN:113,<instance_members_initializer>
FN:113,<instance_members_initializer>
FN:113,<instance_members_initializer>
FN:113,<instance_members_initializer>
FN:113,<instance_members_initializer>
FN:113,uf
FN:113,Ft
FN:113,Gr
FN:113,Tl
FN:113,Sl
FN:113,Rl
FN:113,<instance_members_initializer>
FN:114,dr
FN:114,df
FN:114,Il
FN:114,mf
FN:114,<instance_members_initializer>
FN:114,Ol
FN:114,ff
FN:114,gf
FN:114,loadLibrary
FN:114,loadLibrary
FN:114,yf
FN:114,bf
FN:114,wf
FN:114,<instance_members_initializer>
FN:114,Qr
FN:114,wrapEngine
FN:114,withRequestId
FN:114,applyPendingMigrations
FN:114,transaction
FN:114,instantiateLibrary
FN:114,getCurrentBinaryTarget
FN:115,parseEngineResponse
FN:115,loadEngine
FN:115,logger
FN:115,parseInitError
FN:115,parseRequestError
FN:115,onBeforeExit
FN:115,start
FN:115,r
FN:115,stop
FN:115,version
FN:115,debugPanic
FN:115,request
FN:116,requestBatch
FN:116,buildQueryError
FN:116,getExternalAdapterError
FN:116,metrics
FN:116,xf
FN:116,Po
FN:116,Fl
FN:116,s
FN:116,a
FN:117,h
FN:117,Ml
FN:117,$l
FN:117,ql
FN:117,Vl
FN:117,Wr
FN:117,jl
FN:117,Ul
FN:117,vf
FN:117,Gl
FN:117,Bl
FN:117,To
FN:124,So
FN:124,requestArgsToMiddlewareArgs
FN:124,middlewareArgsToRequestArgs
FN:124,requestArgsToMiddlewareArgs
FN:124,middlewareArgsToRequestArgs
FN:124,Ro
FN:124,o
FN:124,get spec
FN:124,then
FN:124,catch
FN:124,finally
FN:124,requestTransaction
FN:124,Kl
FN:124,isEnabled
FN:124,getTraceParent
FN:124,dispatchEngineSpans
FN:124,getActiveContext
FN:124,runInChildSpan
FN:124,isEnabled
FN:124,getTraceParent
FN:124,dispatchEngineSpans
FN:124,getActiveContext
FN:124,runInChildSpan
FN:124,getGlobalTracingHelper
FN:124,Hl
FN:124,Yl
FN:124,zl
FN:124,zn
FN:124,Zl
FN:124,Co
FN:124,Io
FN:124,<instance_members_initializer>
FN:124,Zn
FN:124,request
FN:124,dispatchBatches
FN:124,Zn
FN:124,mr
FN:124,Xn
FN:124,Af
FN:124,<instance_members_initializer>
FN:124,ei
FN:124,singleLoader
FN:124,batchBy
FN:124,batchOrder
FN:124,request
FN:124,mapQueryEngineResult
FN:124,handleAndLogRequestError
FN:124,handleRequestError
FN:124,sanitizeMessage
FN:124,unpack
FN:124,ei
FN:124,If
FN:124,Xl
FN:124,Df
FN:124,Of
FN:124,eu
FN:124,_
FN:125,_
FN:125,datasources
FN:128,adapter
FN:128,datasourceUrl
FN:129,errorFormat
FN:129,log
FN:129,transactionOptions
FN:129,omit
FN:129,__internal
FN:129,au
FN:129,Jr
FN:129,_f
FN:129,Nf
FN:129,ou
FN:129,Lf
FN:133,lu
FN:133,requestArgsToMiddlewareArgs
FN:133,middlewareArgsToRequestArgs
FN:133,nextId
FN:133,fu
FN:133,<instance_members_initializer>
FN:133,r
FN:133,$on
FN:133,$connect
FN:133,$disconnect
FN:133,$executeRawInternal
FN:133,$executeRaw
FN:133,$executeRawUnsafe
FN:133,$runCommandRaw
FN:133,$queryRawInternal
FN:133,$queryRaw
FN:133,$queryRawTyped
FN:133,$queryRawUnsafe
FN:133,_transactionWithArray
FN:133,_transactionWithCallback
FN:133,_createItxClient
FN:133,$transaction
FN:133,_request
FN:133,a
FN:133,_executeRequest
FN:134,_hasPreviewFlag
FN:134,$applyPendingMigrations
FN:134,uu
FN:134,qf
FN:134,gu
FN:134,hu
FNF:935
FNH:236
FNDA:2,Do
FNDA:12,ue
FNDA:7,tr
FNDA:30,Oo
FNDA:31,get
FNDA:29,O
FNDA:1,vu
FNDA:36,is.exports
FNDA:4,yi
FNDA:4,bi
FNDA:2,Mc
FNDA:0,ls
FNDA:2,Ei
FNDA:0,gs.exports
FNDA:0,Es.exports
FNDA:10,ap
FNDA:0,lp
FNDA:0,up
FNDA:0,ot
FNDA:10,Ss
FNDA:0,cp
FNDA:0,Rs
FNDA:10,Ps
FNDA:0,pp
FNDA:10,dp
FNDA:10,mp
FNDA:0,fp
FNDA:20,gp
FNDA:0,cn.exports
FNDA:0,e
FNDA:0,DMMF
FNDA:1,Debug
FNDA:1,Decimal
FNDA:1,Extensions
FNDA:0,MetricsClient
FNDA:1,PrismaClientInitializationError
FNDA:1,PrismaClientKnownRequestError
FNDA:1,PrismaClientRustPanicError
FNDA:1,PrismaClientUnknownRequestError
FNDA:1,PrismaClientValidationError
FNDA:1,Public
FNDA:0,Sql
FNDA:1,createParam
FNDA:1,defineDmmfProperty
FNDA:0,deserializeJsonResponse
FNDA:0,deserializeRawResult
FNDA:0,dmmfToRuntimeDataModel
FNDA:1,empty
FNDA:1,getPrismaClient
FNDA:1,getRuntime
FNDA:1,join
FNDA:1,makeStrictEnum
FNDA:0,makeTypedQueryFactory
FNDA:1,objectEnumValues
FNDA:1,raw
FNDA:0,serializeJsonQuery
FNDA:1,skip
FNDA:1,sqltag
FNDA:1,warnEnvConflicts
FNDA:1,warnOnce
FNDA:1,defineExtension
FNDA:1,getExtensionContext
FNDA:0,ko
FNDA:0,_o
FNDA:1,validator
FNDA:0,No
FNDA:0,$
FNDA:0,bgBlack
FNDA:0,bgBlue
FNDA:0,bgCyan
FNDA:0,bgGreen
FNDA:0,bgMagenta
FNDA:0,bgRed
FNDA:0,bgWhite
FNDA:0,bgYellow
FNDA:0,black
FNDA:0,blue
FNDA:0,bold
FNDA:0,cyan
FNDA:0,dim
FNDA:0,gray
FNDA:0,green
FNDA:0,grey
FNDA:0,hidden
FNDA:0,inverse
FNDA:0,italic
FNDA:0,magenta
FNDA:0,red
FNDA:0,reset
FNDA:0,strikethrough
FNDA:0,underline
FNDA:0,white
FNDA:0,yellow
FNDA:26,F
FNDA:0,enable
FNDA:0,disable
FNDA:120,enabled
FNDA:0,log
FNDA:22,Bu
FNDA:0,extend
FNDA:96,t
FNDA:0,get
FNDA:0,set
FNDA:2,get
FNDA:0,set
FNDA:0,Uu
FNDA:0,Bo
FNDA:0,Uo
FNDA:9,ai
FNDA:9,Gt
FNDA:0,ui
FNDA:0,Qt
FNDA:0,Ee
FNDA:0,Ge
FNDA:0,Zr
FNDA:8,pe
FNDA:0,optional
FNDA:0,and
FNDA:0,or
FNDA:0,select
FNDA:0,Qu
FNDA:0,q
FNDA:0,Wu
FNDA:8,A
FNDA:0,A
FNDA:0,Qo
FNDA:0,ye
FNDA:0,Ve
FNDA:0,je
FNDA:1,Be
FNDA:0,startsWith
FNDA:0,endsWith
FNDA:0,minLength
FNDA:0,length
FNDA:0,maxLength
FNDA:0,includes
FNDA:0,regex
FNDA:1,be
FNDA:0,between
FNDA:0,lt
FNDA:0,gt
FNDA:0,lte
FNDA:0,gte
FNDA:0,int
FNDA:0,finite
FNDA:0,positive
FNDA:0,negative
FNDA:1,Ue
FNDA:0,between
FNDA:0,lt
FNDA:0,gt
FNDA:0,lte
FNDA:0,gte
FNDA:0,positive
FNDA:0,negative
FNDA:0,ci
FNDA:0,hr
FNDA:0,e
FNDA:0,with
FNDA:0,when
FNDA:0,otherwise
FNDA:0,exhaustive
FNDA:0,run
FNDA:0,returnType
FNDA:0,warn
FNDA:0,Jt
FNDA:9,Yo
FNDA:0,zu
FNDA:0,Zu
FNDA:0,Xu
FNDA:0,Wo
FNDA:0,zo
FNDA:0,ec
FNDA:0,rc
FNDA:0,Jo
FNDA:0,tc
FNDA:18,ir
FNDA:27,nc
FNDA:9,fi
FNDA:27,Zo
FNDA:9,ic
FNDA:0,oc
FNDA:0,Yt
FNDA:0,sc
FNDA:0,Xo
FNDA:0,beep
FNDA:0,clearScreen
FNDA:0,clearTerminal
FNDA:0,cursorBackward
FNDA:0,cursorDown
FNDA:0,cursorForward
FNDA:0,cursorGetPosition
FNDA:0,cursorHide
FNDA:0,cursorLeft
FNDA:0,cursorMove
FNDA:0,cursorNextLine
FNDA:0,cursorPrevLine
FNDA:0,cursorRestorePosition
FNDA:0,cursorSavePosition
FNDA:0,cursorShow
FNDA:0,cursorTo
FNDA:0,cursorUp
FNDA:0,enterAlternativeScreen
FNDA:0,eraseDown
FNDA:0,eraseEndLine
FNDA:0,eraseLine
FNDA:0,eraseLines
FNDA:0,eraseScreen
FNDA:0,eraseStartLine
FNDA:0,eraseUp
FNDA:0,exitAlternativeScreen
FNDA:0,iTerm
FNDA:0,image
FNDA:0,link
FNDA:0,scrollDown
FNDA:0,scrollUp
FNDA:0,lc
FNDA:0,uc
FNDA:0,cc
FNDA:0,rs
FNDA:0,pc
FNDA:0,dc
FNDA:0,mc
FNDA:0,xc
FNDA:0,_c
FNDA:0,Nc
FNDA:0,setCwd
FNDA:0,annotation
FNDA:0,or
FNDA:0,or.stderr
FNDA:0,wi
FNDA:9,Er
FNDA:9,jc
FNDA:0,Bc
FNDA:0,vi
FNDA:0,rn
FNDA:0,sr
FNDA:0,<instance_members_initializer>
FNDA:0,tn
FNDA:0,Uc
FNDA:0,ke
FNDA:0,Gc
FNDA:0,ms
FNDA:0,Ri
FNDA:0,Ai
FNDA:0,Ci
FNDA:9,an
FNDA:0,Ii
FNDA:0,ki
FNDA:0,Oi
FNDA:0,toString
FNDA:0,Kc
FNDA:0,Hc
FNDA:0,Yc
FNDA:0,error
FNDA:0,info
FNDA:0,log
FNDA:0,query
FNDA:0,should
FNDA:0,tags
FNDA:0,warn
FNDA:0,warn
FNDA:0,zc
FNDA:0,_i
FNDA:0,Zc
FNDA:0,Xc
FNDA:0,ep
FNDA:0,ln
FNDA:0,ar
FNDA:1,Ni
FNDA:0,wr
FNDA:0,Li
FNDA:10,Cs
FNDA:100,t
FNDA:10,st
FNDA:1,hp
FNDA:20,Is
FNDA:11,Ds
FNDA:20,yp
FNDA:0,Vi
FNDA:0,pn
FNDA:0,ji
FNDA:22,x
FNDA:0,at
FNDA:0,<instance_members_initializer>
FNDA:0,<instance_members_initializer>
FNDA:0,<instance_members_initializer>
FNDA:0,<instance_members_initializer>
FNDA:0,<instance_members_initializer>
FNDA:10,<instance_members_initializer>
FNDA:0,get
FNDA:1,set
FNDA:2,getOrCreate
FNDA:0,We
FNDA:0,_s
FNDA:1,lt
FNDA:0,get
FNDA:0,Ns
FNDA:0,Bi
FNDA:4,vr
FNDA:2,mn
FNDA:0,m.absoluteValue.m.abs
FNDA:0,m.ceil
FNDA:0,m.clampedTo.m.clamp
FNDA:0,m.comparedTo.m.cmp
FNDA:0,m.cosine.m.cos
FNDA:0,m.cubeRoot.m.cbrt
FNDA:0,m.decimalPlaces.m.dp
FNDA:0,m.dividedBy.m.div
FNDA:0,m.dividedToIntegerBy.m.divToInt
FNDA:0,m.equals.m.eq
FNDA:0,m.floor
FNDA:0,m.greaterThan.m.gt
FNDA:0,m.greaterThanOrEqualTo.m.gte
FNDA:0,m.hyperbolicCosine.m.cosh
FNDA:0,m.hyperbolicSine.m.sinh
FNDA:0,m.hyperbolicTangent.m.tanh
FNDA:0,m.inverseCosine.m.acos
FNDA:0,m.inverseHyperbolicCosine.m.acosh
FNDA:0,m.inverseHyperbolicSine.m.asinh
FNDA:0,m.inverseHyperbolicTangent.m.atanh
FNDA:0,m.inverseSine.m.asin
FNDA:0,m.inverseTangent.m.atan
FNDA:0,m.isFinite
FNDA:0,m.isInteger.m.isInt
FNDA:0,m.isNaN
FNDA:0,m.isNegative.m.isNeg
FNDA:0,m.isPositive.m.isPos
FNDA:0,m.isZero
FNDA:0,m.lessThan.m.lt
FNDA:0,m.lessThanOrEqualTo.m.lte
FNDA:0,m.logarithm.m.log
FNDA:0,m.minus.m.sub
FNDA:0,m.modulo.m.mod
FNDA:0,m.naturalExponential.m.exp
FNDA:0,m.naturalLogarithm.m.ln
FNDA:0,m.negated.m.neg
FNDA:0,m.plus.m.add
FNDA:0,m.precision.m.sd
FNDA:0,m.round
FNDA:0,m.sine.m.sin
FNDA:0,m.squareRoot.m.sqrt
FNDA:0,m.tangent.m.tan
FNDA:0,m.times.m.mul
FNDA:0,m.toBinary
FNDA:0,m.toDecimalPlaces.m.toDP
FNDA:0,m.toExponential
FNDA:0,m.toFixed
FNDA:0,m.toFraction
FNDA:0,m.toHexadecimal.m.toHex
FNDA:0,m.toNearest
FNDA:0,m.toNumber
FNDA:0,m.toOctal
FNDA:0,m.toPower.m.pow
FNDA:0,m.toPrecision
FNDA:0,m.toSignificantDigits.m.toSD
FNDA:0,m.toString
FNDA:0,m.truncated.m.trunc
FNDA:0,m.valueOf.m.toJSON
FNDA:0,J
FNDA:0,ne
FNDA:0,ut
FNDA:0,fn
FNDA:0,Pp
FNDA:0,e
FNDA:0,r
FNDA:0,t
FNDA:0,y
FNDA:0,ve
FNDA:0,wn
FNDA:0,bn
FNDA:0,xe
FNDA:0,Us
FNDA:0,Je
FNDA:0,Gs
FNDA:0,Ls
FNDA:0,Qs
FNDA:0,Wi
FNDA:0,Ke
FNDA:0,Ws
FNDA:2,gn
FNDA:0,Tp
FNDA:0,Sp
FNDA:0,Tr
FNDA:0,xn
FNDA:0,Js
FNDA:0,Ji
FNDA:0,Fs
FNDA:0,Rp
FNDA:0,Ap
FNDA:0,Cp
FNDA:0,Ip
FNDA:0,Dp
FNDA:0,Op
FNDA:0,kp
FNDA:0,_p
FNDA:0,Np
FNDA:0,Lp
FNDA:0,Fp
FNDA:0,Mp
FNDA:1,$p
FNDA:0,qp
FNDA:0,Vp
FNDA:1,Ks
FNDA:2,i
FNDA:0,jp
FNDA:0,Bp
FNDA:0,Up
FNDA:0,Gp
FNDA:4,Ms
FNDA:0,Qp
FNDA:0,Wp
FNDA:0,Jp
FNDA:0,Kp
FNDA:0,Hp
FNDA:0,Yp
FNDA:0,zp
FNDA:0,Zp
FNDA:0,Xp
FNDA:0,ed
FNDA:0,rd
FNDA:0,td
FNDA:0,nd
FNDA:0,id
FNDA:0,od
FNDA:0,sd
FNDA:0,ad
FNDA:0,ld
FNDA:0,ud
FNDA:0,cd
FNDA:2,Sr
FNDA:0,ModelAction
FNDA:0,datamodelEnumToSchemaEnum
FNDA:0,pd
FNDA:0,value
FNDA:0,variable
FNDA:0,string
FNDA:0,dd
FNDA:0,encode
FNDA:159,type
FNDA:83,objId
FNDA:80,e
FNDA:2,extend
FNDA:1,insertBefore
FNDA:25,e
FNDA:0,highlight
FNDA:0,matchGrammar
FNDA:0,tokenize
FNDA:0,add
FNDA:0,run
FNDA:0,ge
FNDA:0,ge.stringify
FNDA:0,fd
FNDA:0,Ys
FNDA:0,gd
FNDA:0,zs
FNDA:0,<instance_members_initializer>
FNDA:0,highlightSource
FNDA:0,red
FNDA:0,gray
FNDA:0,dim
FNDA:0,bold
FNDA:0,underline
FNDA:0,highlightSource
FNDA:0,bd
FNDA:0,Ed
FNDA:0,wd
FNDA:0,xd
FNDA:0,vd
FNDA:0,Pd
FNDA:0,Tn
FNDA:0,na
FNDA:0,ia
FNDA:0,Td
FNDA:0,Sd
FNDA:0,Rd
FNDA:0,ra
FNDA:0,ta
FNDA:0,<instance_members_initializer>
FNDA:0,<instance_members_initializer>
FNDA:0,Rn
FNDA:0,write
FNDA:0,markAsError
FNDA:0,An
FNDA:0,write
FNDA:0,<instance_members_initializer>
FNDA:0,<instance_members_initializer>
FNDA:0,<instance_members_initializer>
FNDA:0,<instance_members_initializer>
FNDA:0,Q
FNDA:0,getPrintWidth
FNDA:0,write
FNDA:0,asObject
FNDA:0,<instance_members_initializer>
FNDA:0,Sn
FNDA:0,Ad
FNDA:0,Cd
FNDA:0,Id
FNDA:0,Dd
FNDA:0,Od
FNDA:0,kd
FNDA:0,_d
FNDA:0,Nd
FNDA:0,Ld
FNDA:0,Fd
FNDA:0,ua
FNDA:0,Md
FNDA:0,ca
FNDA:0,$d
FNDA:0,qd
FNDA:0,Vd
FNDA:0,jd
FNDA:0,Bd
FNDA:0,pa
FNDA:0,Ud
FNDA:0,Gd
FNDA:0,Qd
FNDA:0,da
FNDA:0,ma
FNDA:0,Or
FNDA:0,dt
FNDA:0,In
FNDA:0,Jd
FNDA:0,<instance_members_initializer>
FNDA:2,kr
FNDA:3,Me
FNDA:3,_getName
FNDA:0,toString
FNDA:0,_getNamespace
FNDA:1,<instance_members_initializer>
FNDA:1,<instance_members_initializer>
FNDA:1,<instance_members_initializer>
FNDA:3,zi
FNDA:0,<instance_members_initializer>
FNDA:0,<instance_members_initializer>
FNDA:0,_r
FNDA:0,ga
FNDA:0,ha
FNDA:0,Kd
FNDA:0,_n
FNDA:0,Nn
FNDA:46,Te
FNDA:0,ba
FNDA:0,Hd
FNDA:0,ya
FNDA:0,Yd
FNDA:0,Ea
FNDA:2,wa
FNDA:0,<instance_members_initializer>
FNDA:9,e
FNDA:9,empty
FNDA:0,single
FNDA:4,isEmpty
FNDA:0,append
FNDA:2,getAllComputedFields
FNDA:9,getAllClientExtensions
FNDA:1,getAllModelExtensions
FNDA:0,getAllQueryCallbacks
FNDA:0,getAllBatchQueryCallbacks
FNDA:0,Fn
FNDA:2,xa
FNDA:0,va
FNDA:1,bt
FNDA:0,ifUndefined
FNDA:16,Se
FNDA:2,$n
FNDA:2,Et
FNDA:2,Zd
FNDA:2,Xd
FNDA:0,em
FNDA:2,rm
FNDA:0,tm
FNDA:16,Sa
FNDA:4,Ra
FNDA:0,nm
FNDA:2,im
FNDA:2,om
FNDA:0,eo
FNDA:18,<instance_members_initializer>
FNDA:18,e
FNDA:0,throwValidationError
FNDA:0,getSelectionPath
FNDA:0,getArgumentPath
FNDA:0,getArgumentName
FNDA:0,getOutputTypeDescription
FNDA:2,isRawAction
FNDA:0,isPreviewFeatureOn
FNDA:2,getComputedFields
FNDA:0,findField
FNDA:0,nestSelection
FNDA:2,getGlobalOmit
FNDA:2,shouldApplyGlobalOmit
FNDA:16,nestArgument
FNDA:0,Aa
FNDA:9,<instance_members_initializer>
FNDA:9,Lr
FNDA:0,prometheus
FNDA:0,json
FNDA:1,Ca
FNDA:0,get
FNDA:0,sm
FNDA:0,ro
FNDA:0,wt
FNDA:0,get sql
FNDA:0,get values
FNDA:0,Ia
FNDA:0,Vn
FNDA:1,e
FNDA:0,get sql
FNDA:0,get statement
FNDA:0,get text
FNDA:0,inspect
FNDA:0,Da
FNDA:1,no
FNDA:0,io
FNDA:1,xt
FNDA:1,getKeys
FNDA:0,getPropertyValue
FNDA:22,re
FNDA:22,getKeys
FNDA:0,getPropertyValue
FNDA:10,lr
FNDA:10,getKeys
FNDA:2,getPropertyValue
FNDA:0,getPropertyDescriptor
FNDA:2,Bn
FNDA:0,getPrototypeOf
FNDA:0,getOwnPropertyDescriptor
FNDA:0,has
FNDA:0,set
FNDA:0,ownKeys
FNDA:10,he
FNDA:4,get
FNDA:0,has
FNDA:0,ownKeys
FNDA:10,set
FNDA:0,getOwnPropertyDescriptor
FNDA:0,defineProperty
FNDA:0,getPrototypeOf
FNDA:0,i.<computed>
FNDA:10,am
FNDA:0,_a
FNDA:0,Fr
FNDA:0,Mr
FNDA:0,Na
FNDA:0,$r
FNDA:0,um
FNDA:0,La
FNDA:0,dm
FNDA:0,fm
FNDA:0,ym
FNDA:0,Em
FNDA:0,xm
FNDA:0,getLocation
FNDA:4,<instance_members_initializer>
FNDA:4,so
FNDA:0,getLocation
FNDA:4,Ze
FNDA:0,qr
FNDA:0,Pm
FNDA:0,Un
FNDA:0,Ma
FNDA:0,Tm
FNDA:0,Sm
FNDA:0,$a
FNDA:0,Rm
FNDA:0,Am
FNDA:0,qa
FNDA:0,Va
FNDA:0,ja
FNDA:2,Ba
FNDA:2,ao
FNDA:0,Ua
FNDA:2,Cm
FNDA:2,Im
FNDA:2,lo
FNDA:2,get
FNDA:2,Dm
FNDA:1,uo
FNDA:1,_m
FNDA:1,getKeys
FNDA:2,getPropertyValue
FNDA:2,s
FNDA:2,e._createPrismaPromise.action
FNDA:0,Nm
FNDA:1,Lm
FNDA:1,Ga
FNDA:9,Pt
FNDA:9,Fm
FNDA:9,getKeys
FNDA:0,getPropertyValue
FNDA:9,Mm
FNDA:9,getKeys
FNDA:1,getPropertyValue
FNDA:0,getPropertyDescriptor
FNDA:0,Qa
FNDA:0,Wa
FNDA:0,Ja
FNDA:0,$m
FNDA:0,qm
FNDA:0,Gn
FNDA:0,Ka
FNDA:2,Ha
FNDA:0,visitor
FNDA:0,za
FNDA:0,jm
FNDA:0,Bm
FNDA:0,Tt
FNDA:0,Xa
FNDA:2,el
FNDA:9,rl
FNDA:0,tl
FNDA:0,Za
FNDA:0,nl
FNDA:9,sl
FNDA:9,al
FNDA:0,Qn
FNDA:0,Um
FNDA:0,Xe
FNDA:0,er
FNDA:0,ll
FNDA:0,Wn
FNDA:0,Jn
FNDA:0,ul
FNDA:0,cl
FNDA:0,pl
FNDA:0,Qm
FNDA:9,ml
FNDA:9,Wm
FNDA:9,fl
FNDA:0,gl
FNDA:0,hl
FNDA:0,bl
FNDA:0,El
FNDA:0,wl
FNDA:5,Jm
FNDA:1,Km
FNDA:20,Vr
FNDA:4,Hm
FNDA:0,zm
FNDA:0,Zm
FNDA:0,Xm
FNDA:0,ef
FNDA:0,rf
FNDA:0,tf
FNDA:0,nf
FNDA:0,Kn
FNDA:9,jr
FNDA:0,<instance_members_initializer>
FNDA:0,<instance_members_initializer>
FNDA:0,R
FNDA:0,<instance_members_initializer>
FNDA:0,vl
FNDA:0,<instance_members_initializer>
FNDA:0,sf
FNDA:0,po
FNDA:0,<instance_members_initializer>
FNDA:0,<instance_members_initializer>
FNDA:0,<instance_members_initializer>
FNDA:0,<instance_members_initializer>
FNDA:0,<instance_members_initializer>
FNDA:0,<instance_members_initializer>
FNDA:0,<instance_members_initializer>
FNDA:0,<instance_members_initializer>
FNDA:0,<instance_members_initializer>
FNDA:0,<instance_members_initializer>
FNDA:0,<instance_members_initializer>
FNDA:0,<instance_members_initializer>
FNDA:0,<instance_members_initializer>
FNDA:0,<instance_members_initializer>
FNDA:0,<instance_members_initializer>
FNDA:0,uf
FNDA:0,Ft
FNDA:0,Gr
FNDA:0,Tl
FNDA:0,Sl
FNDA:0,Rl
FNDA:0,<instance_members_initializer>
FNDA:0,dr
FNDA:0,df
FNDA:0,Il
FNDA:0,mf
FNDA:0,<instance_members_initializer>
FNDA:0,Ol
FNDA:9,ff
FNDA:9,gf
FNDA:9,loadLibrary
FNDA:0,loadLibrary
FNDA:0,yf
FNDA:0,bf
FNDA:3,wf
FNDA:9,<instance_members_initializer>
FNDA:9,Qr
FNDA:9,wrapEngine
FNDA:54,withRequestId
FNDA:0,applyPendingMigrations
FNDA:0,transaction
FNDA:9,instantiateLibrary
FNDA:9,getCurrentBinaryTarget
FNDA:2,parseEngineResponse
FNDA:9,loadEngine
FNDA:0,logger
FNDA:0,parseInitError
FNDA:0,parseRequestError
FNDA:0,onBeforeExit
FNDA:2,start
FNDA:1,r
FNDA:0,stop
FNDA:9,version
FNDA:0,debugPanic
FNDA:2,request
FNDA:0,requestBatch
FNDA:0,buildQueryError
FNDA:0,getExternalAdapterError
FNDA:0,metrics
FNDA:0,xf
FNDA:0,Po
FNDA:9,Fl
FNDA:0,s
FNDA:0,a
FNDA:9,h
FNDA:9,Ml
FNDA:9,$l
FNDA:0,ql
FNDA:0,Vl
FNDA:0,Wr
FNDA:0,jl
FNDA:0,Ul
FNDA:0,vf
FNDA:0,Gl
FNDA:0,Bl
FNDA:0,To
FNDA:0,So
FNDA:0,requestArgsToMiddlewareArgs
FNDA:0,middlewareArgsToRequestArgs
FNDA:0,requestArgsToMiddlewareArgs
FNDA:0,middlewareArgsToRequestArgs
FNDA:9,Ro
FNDA:2,o
FNDA:0,get spec
FNDA:2,then
FNDA:0,catch
FNDA:0,finally
FNDA:0,requestTransaction
FNDA:2,Kl
FNDA:12,isEnabled
FNDA:3,getTraceParent
FNDA:0,dispatchEngineSpans
FNDA:4,getActiveContext
FNDA:32,runInChildSpan
FNDA:12,isEnabled
FNDA:3,getTraceParent
FNDA:0,dispatchEngineSpans
FNDA:4,getActiveContext
FNDA:32,runInChildSpan
FNDA:51,getGlobalTracingHelper
FNDA:9,Hl
FNDA:0,Yl
FNDA:0,zl
FNDA:0,zn
FNDA:2,Zl
FNDA:3,Co
FNDA:2,Io
FNDA:9,<instance_members_initializer>
FNDA:9,Zn
FNDA:2,request
FNDA:1,dispatchBatches
FNDA:0,Zn
FNDA:0,mr
FNDA:0,Xn
FNDA:0,Af
FNDA:9,<instance_members_initializer>
FNDA:9,ei
FNDA:2,singleLoader
FNDA:2,batchBy
FNDA:0,batchOrder
FNDA:2,request
FNDA:2,mapQueryEngineResult
FNDA:0,handleAndLogRequestError
FNDA:0,handleRequestError
FNDA:0,sanitizeMessage
FNDA:2,unpack
FNDA:0,ei
FNDA:0,If
FNDA:0,Xl
FNDA:0,Df
FNDA:0,Of
FNDA:0,eu
FNDA:0,_
FNDA:0,_
FNDA:0,datasources
FNDA:0,adapter
FNDA:0,datasourceUrl
FNDA:0,errorFormat
FNDA:0,log
FNDA:0,transactionOptions
FNDA:0,omit
FNDA:0,__internal
FNDA:0,au
FNDA:0,Jr
FNDA:0,_f
FNDA:0,Nf
FNDA:0,ou
FNDA:0,Lf
FNDA:0,lu
FNDA:2,requestArgsToMiddlewareArgs
FNDA:2,middlewareArgsToRequestArgs
FNDA:0,nextId
FNDA:1,fu
FNDA:9,<instance_members_initializer>
FNDA:9,r
FNDA:0,$on
FNDA:0,$connect
FNDA:0,$disconnect
FNDA:0,$executeRawInternal
FNDA:0,$executeRaw
FNDA:0,$executeRawUnsafe
FNDA:0,$runCommandRaw
FNDA:0,$queryRawInternal
FNDA:0,$queryRaw
FNDA:0,$queryRawTyped
FNDA:0,$queryRawUnsafe
FNDA:0,_transactionWithArray
FNDA:0,_transactionWithCallback
FNDA:0,_createItxClient
FNDA:0,$transaction
FNDA:2,_request
FNDA:2,a
FNDA:2,_executeRequest
FNDA:0,_hasPreviewFlag
FNDA:0,$applyPendingMigrations
FNDA:0,uu
FNDA:0,qf
FNDA:0,gu
FNDA:1,hu
DA:1,1
DA:2,1
DA:3,1
DA:4,1
DA:5,10
DA:6,1
DA:7,1
DA:8,1
DA:9,1
DA:10,0
DA:11,0
DA:12,1
DA:13,0
DA:14,1
DA:15,1
DA:16,1
DA:17,0
DA:18,0
DA:19,0
DA:20,0
DA:21,0
DA:22,0
DA:23,0
DA:24,1
DA:25,0
DA:26,0
DA:27,0
DA:28,1
DA:29,1
DA:30,1
DA:31,1
DA:32,1
DA:33,1
DA:34,1
DA:35,0
DA:36,1
DA:37,0
DA:38,1
DA:39,0
DA:40,1
DA:41,0
DA:42,0
DA:43,0
DA:44,0
DA:45,1
DA:46,1
DA:47,0
DA:48,1
DA:49,0
DA:50,0
DA:51,0
DA:52,0
DA:53,0
DA:54,0
DA:55,1
DA:56,0
DA:57,0
DA:58,0
DA:59,0
DA:60,1
DA:61,0
DA:62,0
DA:63,0
DA:64,0
DA:65,0
DA:66,0
DA:67,1
DA:68,0
DA:69,1
DA:70,0
DA:71,0
DA:72,0
DA:73,0
DA:74,0
DA:75,0
DA:76,0
DA:77,0
DA:78,0
DA:79,0
DA:80,0
DA:81,0
DA:82,0
DA:83,0
DA:84,0
DA:85,0
DA:86,0
DA:87,0
DA:88,0
DA:89,0
DA:90,0
DA:91,0
DA:92,0
DA:93,0
DA:94,0
DA:95,0
DA:96,0
DA:97,0
DA:98,0
DA:99,0
DA:100,0
DA:101,0
DA:102,0
DA:103,0
DA:104,0
DA:105,0
DA:106,0
DA:107,0
DA:108,0
DA:109,0
DA:110,0
DA:111,0
DA:112,0
DA:113,1
DA:114,1
DA:115,9
DA:116,1
DA:117,1
DA:118,0
DA:119,0
DA:120,0
DA:121,0
DA:122,0
DA:123,0
DA:124,1
DA:125,1
DA:126,0
DA:127,0
DA:128,1
DA:129,1
DA:130,0
DA:131,0
DA:132,0
DA:133,1
DA:134,1
DA:135,1
DA:136,1
DA:137,1
DA:138,1
DA:139,1
DA:140,1
DA:141,1
DA:142,1
DA:143,1
DA:144,1
DA:145,1
DA:146,1
LF:146
LH:54
BRDA:6,0,0,0
BRDA:6,1,0,0
BRDA:6,2,0,0
BRDA:6,3,0,0
BRDA:9,4,0,0
BRDA:9,5,0,0
BRDA:9,6,0,0
BRDA:9,7,0,0
BRDA:9,8,0,0
BRDA:9,9,0,0
BRDA:9,10,0,0
BRDA:9,11,0,0
BRDA:9,12,0,0
BRDA:9,13,0,0
BRDA:9,14,0,0
BRDA:9,15,0,0
BRDA:9,16,0,0
BRDA:24,17,0,0
BRDA:24,18,0,0
BRDA:24,19,0,0
BRDA:134,20,0,0
BRDA:4,21,0,2
BRDA:4,22,0,2
BRDA:4,23,0,12
BRDA:4,24,0,18
BRDA:4,25,0,12
BRDA:4,26,0,7
BRDA:4,27,0,100
BRDA:4,28,0,30
BRDA:4,29,0,6
BRDA:4,30,0,969
BRDA:4,31,0,968
BRDA:4,32,0,968
BRDA:4,33,0,31
BRDA:4,34,0,29
BRDA:4,35,0,0
BRDA:4,36,0,26
BRDA:4,37,0,26
BRDA:4,38,0,26
BRDA:4,39,0,3
BRDA:4,40,0,1
BRDA:4,41,0,1
BRDA:4,42,0,36
BRDA:4,43,0,0
BRDA:4,44,0,0
BRDA:4,45,0,0
BRDA:4,46,0,1
BRDA:4,47,0,0
BRDA:4,48,0,0
BRDA:4,49,0,0
BRDA:4,50,0,4
BRDA:4,51,0,0
BRDA:4,52,0,4
BRDA:4,53,0,0
BRDA:4,54,0,0
BRDA:4,55,0,0
BRDA:4,56,0,0
BRDA:4,57,0,0
BRDA:4,58,0,0
BRDA:4,59,0,0
BRDA:4,60,0,0
BRDA:4,61,0,0
BRDA:4,62,0,0
BRDA:4,63,0,2
BRDA:4,64,0,1
BRDA:4,65,0,2
BRDA:4,66,0,0
BRDA:4,67,0,0
BRDA:4,68,0,0
BRDA:4,69,0,0
BRDA:4,70,0,0
BRDA:4,71,0,0
BRDA:4,72,0,0
BRDA:4,73,0,0
BRDA:4,74,0,0
BRDA:4,75,0,1
BRDA:4,76,0,1
BRDA:4,77,0,1
BRDA:4,78,0,1
BRDA:4,79,0,1
BRDA:4,80,0,1
BRDA:4,81,0,1
BRDA:4,82,0,10
BRDA:5,83,0,100
BRDA:5,84,0,0
BRDA:5,85,0,10
BRDA:6,86,0,10
BRDA:6,87,0,0
BRDA:6,88,0,0
BRDA:6,89,0,0
BRDA:6,90,0,0
BRDA:6,91,0,10
BRDA:6,92,0,0
BRDA:6,93,0,10
BRDA:6,94,0,0
BRDA:6,95,0,0
BRDA:6,96,0,0
BRDA:6,97,0,0
BRDA:6,98,0,0
BRDA:6,99,0,0
BRDA:6,100,0,10
BRDA:6,101,0,0
BRDA:6,102,0,0
BRDA:6,103,0,20
BRDA:6,104,0,0
BRDA:6,105,0,200
BRDA:6,106,0,100
BRDA:6,107,0,0
BRDA:6,108,0,0
BRDA:6,109,0,100
BRDA:6,110,0,1
BRDA:6,111,0,1
BRDA:6,112,0,1
BRDA:6,113,0,1
BRDA:6,114,0,1
BRDA:6,115,0,1
BRDA:6,116,0,1
BRDA:6,117,0,1
BRDA:6,118,0,1
BRDA:6,119,0,1
BRDA:6,120,0,1
BRDA:6,121,0,1
BRDA:6,122,0,1
BRDA:6,123,0,1
BRDA:6,124,0,1
BRDA:6,125,0,1
BRDA:6,126,0,1
BRDA:6,127,0,1
BRDA:6,128,0,1
BRDA:6,129,0,1
BRDA:6,130,0,1
BRDA:6,131,0,1
BRDA:6,132,0,1
BRDA:6,133,0,1
BRDA:6,134,0,1
BRDA:6,135,0,1
BRDA:6,136,0,1
BRDA:6,137,0,1
BRDA:6,138,0,1
BRDA:6,139,0,1
BRDA:6,140,0,26
BRDA:6,141,0,15
BRDA:6,142,0,0
BRDA:6,143,0,0
BRDA:6,144,0,120
BRDA:6,145,0,0
BRDA:6,146,0,120
BRDA:6,147,0,120
BRDA:6,148,0,0
BRDA:6,149,0,0
BRDA:6,150,0,120
BRDA:6,151,0,0
BRDA:6,152,0,0
BRDA:6,153,0,22
BRDA:6,154,0,96
BRDA:6,155,0,0
BRDA:6,156,0,0
BRDA:6,157,0,2
BRDA:7,158,0,9
BRDA:7,159,0,0
BRDA:7,160,0,0
BRDA:7,161,0,9
BRDA:7,162,0,0
BRDA:7,163,0,0
BRDA:7,164,0,8
BRDA:7,165,0,8
BRDA:7,166,0,1
BRDA:7,167,0,1
BRDA:7,168,0,1
BRDA:7,169,0,9
BRDA:7,170,0,0
BRDA:7,171,0,0
BRDA:8,172,0,18
BRDA:8,173,0,27
BRDA:8,174,0,9
BRDA:8,175,0,27
BRDA:8,176,0,18
BRDA:8,177,0,9
BRDA:8,178,0,9
BRDA:8,179,0,0
BRDA:8,180,0,0
BRDA:8,181,0,0
BRDA:8,182,0,0
BRDA:9,183,0,0
BRDA:9,184,0,0
BRDA:9,185,0,0
BRDA:9,186,0,0
BRDA:9,187,0,0
BRDA:9,188,0,0
BRDA:9,189,0,0
BRDA:9,190,0,0
BRDA:9,191,0,0
BRDA:9,192,0,0
BRDA:9,193,0,0
BRDA:9,194,0,0
BRDA:9,195,0,0
BRDA:9,196,0,9
BRDA:9,197,0,0
BRDA:9,198,0,9
BRDA:9,199,0,0
BRDA:9,200,0,0
BRDA:9,201,0,0
BRDA:9,202,0,0
BRDA:12,203,0,9
BRDA:12,204,0,0
BRDA:15,205,0,1
BRDA:15,206,0,0
BRDA:15,207,0,10
BRDA:15,208,0,0
BRDA:15,209,0,100
BRDA:15,210,0,0
BRDA:15,211,0,100
BRDA:15,212,0,100
BRDA:15,213,0,0
BRDA:15,214,0,10
BRDA:15,215,0,1
BRDA:15,216,0,0
BRDA:15,217,0,0
BRDA:15,218,0,0
BRDA:15,219,0,0
BRDA:16,220,0,0
BRDA:16,221,0,1
BRDA:16,222,0,0
BRDA:16,223,0,0
BRDA:16,224,0,0
BRDA:16,225,0,0
BRDA:16,226,0,0
BRDA:16,227,0,0
BRDA:24,228,0,20
BRDA:24,229,0,10
BRDA:24,230,0,0
BRDA:24,231,0,11
BRDA:24,232,0,0
BRDA:24,233,0,0
BRDA:24,234,0,20
BRDA:24,235,0,10
BRDA:24,236,0,22
BRDA:24,237,0,0
BRDA:24,238,0,0
BRDA:24,239,0,0
BRDA:24,240,0,0
BRDA:24,241,0,0
BRDA:24,242,0,10
BRDA:24,243,0,1
BRDA:24,244,0,2
BRDA:24,245,0,1
BRDA:24,246,0,1
BRDA:24,247,0,4
BRDA:24,248,0,2
BRDA:24,249,0,2
BRDA:24,250,0,1
BRDA:24,251,0,2
BRDA:24,252,0,0
BRDA:24,253,0,0
BRDA:24,254,0,0
BRDA:24,255,0,0
BRDA:24,256,0,0
BRDA:24,257,0,292
BRDA:24,258,0,0
BRDA:24,259,0,10
BRDA:24,260,0,0
BRDA:24,261,0,0
BRDA:24,262,0,0
BRDA:24,263,0,1
BRDA:24,264,0,0
BRDA:24,265,0,7
BRDA:24,266,0,0
BRDA:24,267,0,0
BRDA:24,268,0,0
BRDA:24,269,0,0
BRDA:24,270,0,0
BRDA:24,271,0,0
BRDA:24,272,0,0
BRDA:24,273,0,1
BRDA:24,274,0,0
BRDA:24,275,0,8
BRDA:24,276,0,0
BRDA:24,277,0,2
BRDA:24,278,0,0
BRDA:24,279,0,0
BRDA:24,280,0,0
BRDA:24,281,0,0
BRDA:24,282,0,0
BRDA:24,283,0,0
BRDA:24,284,0,0
BRDA:24,285,0,4
BRDA:24,286,0,2
BRDA:24,287,0,0
BRDA:24,288,0,0
BRDA:24,289,0,0
BRDA:24,290,0,0
BRDA:24,291,0,1
BRDA:24,292,0,159
BRDA:24,293,0,83
BRDA:24,294,0,24
BRDA:24,295,0,80
BRDA:24,296,0,2
BRDA:24,297,0,25
BRDA:24,298,0,4
BRDA:24,299,0,21
BRDA:24,300,0,66
BRDA:24,301,0,21
BRDA:24,302,0,5
BRDA:24,303,0,0
BRDA:24,304,0,50
BRDA:24,305,0,12
BRDA:24,306,0,2
BRDA:24,307,0,7
BRDA:24,308,0,1
BRDA:24,309,0,9
BRDA:24,310,0,1
BRDA:24,311,0,4
BRDA:24,312,0,79
BRDA:24,313,0,4
BRDA:24,314,0,4
BRDA:24,315,0,25
BRDA:24,316,0,1
BRDA:24,317,0,79
BRDA:24,318,0,67
BRDA:24,319,0,24
BRDA:24,320,0,19
BRDA:24,321,0,60
BRDA:24,322,0,5
BRDA:24,323,0,5
BRDA:24,324,0,0
BRDA:29,325,0,0
BRDA:29,326,0,0
BRDA:30,327,0,0
BRDA:30,328,0,0
BRDA:30,329,0,0
BRDA:30,330,0,0
BRDA:30,331,0,0
BRDA:31,332,0,0
BRDA:31,333,0,2
BRDA:31,334,0,3
BRDA:31,335,0,0
BRDA:31,336,0,3
BRDA:31,337,0,1
BRDA:31,338,0,1
BRDA:31,339,0,1
BRDA:31,340,0,3
BRDA:31,341,0,0
BRDA:31,342,0,0
BRDA:32,343,0,46
BRDA:32,344,0,46
BRDA:32,345,0,2
BRDA:32,346,0,0
BRDA:32,347,0,0
BRDA:32,348,0,9
BRDA:32,349,0,9
BRDA:32,350,0,4
BRDA:32,351,0,2
BRDA:32,352,0,0
BRDA:32,353,0,9
BRDA:32,354,0,0
BRDA:32,355,0,1
BRDA:32,356,0,0
BRDA:32,357,0,2
BRDA:32,358,0,1
BRDA:32,359,0,0
BRDA:32,360,0,16
BRDA:32,361,0,2
BRDA:32,362,0,2
BRDA:32,363,0,2
BRDA:32,364,0,0
BRDA:32,365,0,2
BRDA:32,366,0,0
BRDA:32,367,0,2
BRDA:32,368,0,0
BRDA:32,369,0,16
BRDA:32,370,0,4
BRDA:32,371,0,12
BRDA:32,372,0,5
BRDA:32,373,0,4
BRDA:32,374,0,8
BRDA:32,375,0,4
BRDA:32,376,0,0
BRDA:32,377,0,4
BRDA:32,378,0,2
BRDA:32,379,0,0
BRDA:32,380,0,0
BRDA:32,381,0,2
BRDA:32,382,0,0
BRDA:32,383,0,2
BRDA:32,384,0,0
BRDA:32,385,0,2
BRDA:32,386,0,0
BRDA:32,387,0,2
BRDA:32,388,0,0
BRDA:32,389,0,2
BRDA:32,390,0,0
BRDA:32,391,0,2
BRDA:32,392,0,0
BRDA:32,393,0,2
BRDA:32,394,0,0
BRDA:32,395,0,2
BRDA:32,396,0,0
BRDA:32,397,0,4
BRDA:32,398,0,0
BRDA:32,399,0,16
BRDA:32,400,0,0
BRDA:32,401,0,2
BRDA:32,402,0,2
BRDA:32,403,0,18
BRDA:32,404,0,18
BRDA:32,405,0,0
BRDA:32,406,0,2
BRDA:32,407,0,2
BRDA:32,408,0,2
BRDA:32,409,0,0
BRDA:32,410,0,0
BRDA:32,411,0,2
BRDA:32,412,0,0
BRDA:32,413,0,0
BRDA:32,414,0,0
BRDA:32,415,0,0
BRDA:32,416,0,0
BRDA:32,417,0,1
BRDA:32,418,0,1
BRDA:32,419,0,0
BRDA:32,420,0,0
BRDA:32,421,0,0
BRDA:32,422,0,0
BRDA:32,423,0,0
BRDA:32,424,0,0
BRDA:32,425,0,0
BRDA:32,426,0,0
BRDA:32,427,0,0
BRDA:32,428,0,0
BRDA:32,429,0,0
BRDA:32,430,0,0
BRDA:32,431,0,16
BRDA:32,432,0,9
BRDA:32,433,0,9
BRDA:32,434,0,1
BRDA:32,435,0,1
BRDA:32,436,0,0
BRDA:32,437,0,0
BRDA:32,438,0,1
BRDA:32,439,0,1
BRDA:32,440,0,1
BRDA:32,441,0,22
BRDA:32,442,0,22
BRDA:32,443,0,10
BRDA:32,444,0,10
BRDA:32,445,0,2
BRDA:32,446,0,1
BRDA:32,447,0,2
BRDA:32,448,0,10
BRDA:32,449,0,4
BRDA:32,450,0,0
BRDA:32,451,0,0
BRDA:32,452,0,10
BRDA:32,453,0,0
BRDA:32,454,0,0
BRDA:32,455,0,10
BRDA:32,456,0,42
BRDA:32,457,0,312
BRDA:34,458,0,4
BRDA:34,459,0,4
BRDA:34,460,0,4
BRDA:34,461,0,0
BRDA:34,462,0,2
BRDA:34,463,0,0
BRDA:34,464,0,2
BRDA:34,465,0,2
BRDA:34,466,0,0
BRDA:34,467,0,0
BRDA:34,468,0,2
BRDA:34,469,0,0
BRDA:34,470,0,0
BRDA:34,471,0,2
BRDA:34,472,0,40
BRDA:34,473,0,2
BRDA:34,474,0,2
BRDA:34,475,0,0
BRDA:34,476,0,2
BRDA:34,477,0,40
BRDA:34,478,0,4
BRDA:34,479,0,1
BRDA:34,480,0,1
BRDA:34,481,0,1
BRDA:34,482,0,2
BRDA:34,483,0,0
BRDA:34,484,0,2
BRDA:34,485,0,2
BRDA:34,486,0,2
BRDA:34,487,0,1
BRDA:34,488,0,1
BRDA:34,489,0,1
BRDA:34,490,0,9
BRDA:34,491,0,0
BRDA:34,492,0,9
BRDA:34,493,0,9
BRDA:34,494,0,9
BRDA:34,495,0,9
BRDA:34,496,0,1
BRDA:34,497,0,0
BRDA:34,498,0,2
BRDA:34,499,0,0
BRDA:34,500,0,0
BRDA:34,501,0,0
BRDA:34,502,0,0
BRDA:34,503,0,2
BRDA:34,504,0,0
BRDA:34,505,0,0
BRDA:34,506,0,9
BRDA:34,507,0,9
BRDA:34,508,0,0
BRDA:34,509,0,0
BRDA:34,510,0,0
BRDA:34,511,0,0
BRDA:36,512,0,9
BRDA:36,513,0,0
BRDA:36,514,0,0
BRDA:36,515,0,0
BRDA:67,516,0,9
BRDA:67,517,0,0
BRDA:67,518,0,0
BRDA:67,519,0,0
BRDA:67,520,0,0
BRDA:67,521,0,0
BRDA:67,522,0,0
BRDA:67,523,0,0
BRDA:67,524,0,9
BRDA:67,525,0,0
BRDA:67,526,0,0
BRDA:67,527,0,0
BRDA:67,528,0,9
BRDA:67,529,0,0
BRDA:113,530,0,5
BRDA:113,531,0,1
BRDA:113,532,0,18
BRDA:113,533,0,20
BRDA:113,534,0,6
BRDA:113,535,0,14
BRDA:113,536,0,0
BRDA:113,537,0,5
BRDA:113,538,0,4
BRDA:113,539,0,1
BRDA:113,540,0,0
BRDA:113,541,0,9
BRDA:113,542,0,4
BRDA:113,543,0,0
BRDA:113,544,0,0
BRDA:113,545,0,0
BRDA:113,546,0,0
BRDA:113,547,0,0
BRDA:113,548,0,9
BRDA:113,549,0,0
BRDA:113,550,0,0
BRDA:113,551,0,0
BRDA:113,552,0,0
BRDA:113,553,0,0
BRDA:113,554,0,0
BRDA:113,555,0,0
BRDA:113,556,0,0
BRDA:113,557,0,0
BRDA:113,558,0,0
BRDA:113,559,0,0
BRDA:113,560,0,0
BRDA:113,561,0,0
BRDA:113,562,0,0
BRDA:113,563,0,0
BRDA:113,564,0,0
BRDA:113,565,0,0
BRDA:113,566,0,0
BRDA:113,567,0,0
BRDA:113,568,0,0
BRDA:113,569,0,0
BRDA:113,570,0,0
BRDA:113,571,0,0
BRDA:113,572,0,0
BRDA:113,573,0,0
BRDA:113,574,0,0
BRDA:114,575,0,0
BRDA:114,576,0,9
BRDA:114,577,0,1
BRDA:114,578,0,9
BRDA:114,579,0,8
BRDA:114,580,0,1
BRDA:114,581,0,0
BRDA:114,582,0,9
BRDA:114,583,0,0
BRDA:114,584,0,9
BRDA:114,585,0,3
BRDA:114,586,0,0
BRDA:114,587,0,9
BRDA:114,588,0,9
BRDA:114,589,0,0
BRDA:114,590,0,0
BRDA:114,591,0,0
BRDA:114,592,0,0
BRDA:114,593,0,0
BRDA:114,594,0,9
BRDA:114,595,0,0
BRDA:114,596,0,0
BRDA:114,597,0,54
BRDA:114,598,0,3
BRDA:114,599,0,0
BRDA:114,600,0,9
BRDA:114,601,0,0
BRDA:114,602,0,9
BRDA:114,603,0,9
BRDA:114,604,0,0
BRDA:114,605,0,0
BRDA:114,606,0,9
BRDA:115,607,0,2
BRDA:115,608,0,0
BRDA:115,609,0,0
BRDA:115,610,0,9
BRDA:115,611,0,0
BRDA:115,612,0,0
BRDA:115,613,0,0
BRDA:115,614,0,0
BRDA:115,615,0,2
BRDA:115,616,0,0
BRDA:115,617,0,0
BRDA:115,618,0,1
BRDA:115,619,0,1
BRDA:115,620,0,0
BRDA:115,621,0,0
BRDA:115,622,0,0
BRDA:115,623,0,9
BRDA:115,624,0,0
BRDA:115,625,0,2
BRDA:115,626,0,0
BRDA:115,627,0,0
BRDA:115,628,0,0
BRDA:115,629,0,0
BRDA:116,630,0,9
BRDA:117,631,0,0
BRDA:117,632,0,0
BRDA:117,633,0,0
BRDA:117,634,0,0
BRDA:117,635,0,0
BRDA:117,636,0,0
BRDA:117,637,0,9
BRDA:117,638,0,9
BRDA:117,639,0,0
BRDA:117,640,0,0
BRDA:117,641,0,0
BRDA:117,642,0,0
BRDA:117,643,0,0
BRDA:117,644,0,0
BRDA:117,645,0,9
BRDA:117,646,0,0
BRDA:124,647,0,9
BRDA:124,648,0,2
BRDA:124,649,0,2
BRDA:124,650,0,0
BRDA:124,651,0,0
BRDA:124,652,0,0
BRDA:124,653,0,2
BRDA:124,654,0,2
BRDA:124,655,0,0
BRDA:124,656,0,12
BRDA:124,657,0,3
BRDA:124,658,0,4
BRDA:124,659,0,32
BRDA:124,660,0,12
BRDA:124,661,0,3
BRDA:124,662,0,4
BRDA:124,663,0,32
BRDA:124,664,0,51
BRDA:124,665,0,0
BRDA:124,666,0,0
BRDA:124,667,0,9
BRDA:124,668,0,2
BRDA:124,669,0,1
BRDA:124,670,0,1
BRDA:124,671,0,1
BRDA:124,672,0,3
BRDA:124,673,0,4
BRDA:124,674,0,1
BRDA:124,675,0,1
BRDA:124,676,0,3
BRDA:124,677,0,2
BRDA:124,678,0,9
BRDA:124,679,0,9
BRDA:124,680,0,2
BRDA:124,681,0,1
BRDA:124,682,0,1
BRDA:124,683,0,1
BRDA:124,684,0,1
BRDA:124,685,0,1
BRDA:124,686,0,0
BRDA:124,687,0,1
BRDA:124,688,0,0
BRDA:124,689,0,9
BRDA:124,690,0,9
BRDA:124,691,0,2
BRDA:124,692,0,0
BRDA:124,693,0,0
BRDA:124,694,0,2
BRDA:124,695,0,0
BRDA:124,696,0,0
BRDA:124,697,0,2
BRDA:124,698,0,0
BRDA:124,699,0,2
BRDA:124,700,0,0
BRDA:124,701,0,2
BRDA:124,702,0,0
BRDA:124,703,0,0
BRDA:124,704,0,0
BRDA:133,705,0,2
BRDA:133,706,0,2
BRDA:133,707,0,1
BRDA:133,708,0,9
BRDA:133,709,0,9
BRDA:133,710,0,0
BRDA:133,711,0,0
BRDA:133,712,0,0
BRDA:133,713,0,0
BRDA:133,714,0,0
BRDA:133,715,0,0
BRDA:133,716,0,0
BRDA:133,717,0,0
BRDA:133,718,0,0
BRDA:133,719,0,0
BRDA:133,720,0,0
BRDA:133,721,0,0
BRDA:133,722,0,0
BRDA:133,723,0,0
BRDA:133,724,0,0
BRDA:133,725,0,0
BRDA:133,726,0,0
BRDA:133,727,0,0
BRDA:133,728,0,0
BRDA:133,729,0,0
BRDA:133,730,0,0
BRDA:133,731,0,2
BRDA:133,732,0,0
BRDA:133,733,0,2
BRDA:133,734,0,0
BRDA:133,735,0,0
BRDA:133,736,0,0
BRDA:133,737,0,2
BRDA:133,738,0,2
BRDA:133,739,0,2
BRDA:133,740,0,0
BRDA:133,741,0,0
BRDA:134,742,0,0
BRDA:134,743,0,0
BRDA:134,744,0,0
BRDA:133,745,0,2
BRDA:134,746,0,1
BRF:747
BRH:372
end_of_record
TN:
SF:src\middlewares\authMiddleware.js
FN:4,authenticateJWT
FNF:1
FNH:0
FNDA:0,authenticateJWT
DA:1,1
DA:2,1
DA:3,1
DA:4,1
DA:5,0
DA:6,0
DA:7,0
DA:8,0
DA:9,0
DA:10,0
DA:11,0
DA:12,0
DA:13,0
DA:14,0
DA:15,0
DA:16,0
DA:17,0
DA:18,0
DA:19,0
DA:20,1
DA:21,1
LF:21
LH:6
BRF:0
BRH:0
end_of_record
TN:
SF:src\middlewares\authorize.js
FN:5,authorize
FNF:1
FNH:1
FNDA:20,authorize
DA:1,1
DA:2,1
DA:3,1
DA:4,1
DA:5,1
DA:6,20
DA:7,0
DA:8,0
DA:9,0
DA:10,0
DA:11,0
DA:12,0
DA:13,0
DA:14,0
DA:15,0
DA:16,0
DA:17,0
DA:18,0
DA:19,0
DA:20,0
DA:21,0
DA:22,0
DA:23,0
DA:24,0
DA:25,0
DA:26,0
DA:27,0
DA:28,0
DA:29,0
DA:30,0
DA:31,0
DA:32,0
DA:33,0
DA:34,20
DA:35,20
DA:36,1
DA:37,1
LF:37
LH:10
BRDA:5,0,0,20
BRF:1
BRH:1
end_of_record
TN:
SF:src\router\authRoutes.js
FNF:0
FNH:0
DA:1,1
DA:2,1
DA:3,1
DA:4,1
DA:5,1
DA:6,1
DA:7,1
DA:8,1
DA:9,1
DA:10,1
DA:11,1
DA:12,1
DA:13,1
DA:14,1
DA:15,1
DA:16,1
DA:17,1
DA:18,1
DA:19,1
DA:20,1
DA:21,1
DA:22,1
DA:23,1
LF:23
LH:23
BRF:0
BRH:0
end_of_record
TN:
SF:src\router\bulkRoutes.js
FNF:0
FNH:0
DA:1,1
DA:2,1
DA:3,1
DA:4,1
DA:5,1
DA:6,1
DA:7,1
DA:8,1
DA:9,1
DA:10,1
DA:11,1
DA:12,1
DA:13,1
DA:14,1
LF:14
LH:14
BRF:0
BRH:0
end_of_record
TN:
SF:src\router\departmentRoutes.js
FNF:0
FNH:0
DA:1,1
DA:2,1
DA:3,1
DA:4,1
DA:5,1
DA:6,1
DA:7,1
DA:8,1
DA:9,1
DA:10,1
DA:11,1
DA:12,1
DA:13,1
DA:14,1
DA:15,1
DA:16,1
DA:17,1
LF:17
LH:17
BRF:0
BRH:0
end_of_record
TN:
SF:src\router\routes.js
FNF:0
FNH:0
DA:1,1
DA:2,1
DA:3,1
DA:4,1
DA:5,1
DA:6,1
DA:7,1
DA:8,1
DA:9,1
DA:10,1
DA:11,1
DA:12,1
DA:13,1
DA:14,1
DA:15,1
DA:16,1
DA:17,1
DA:18,1
DA:19,1
DA:20,1
DA:21,1
DA:22,1
DA:23,1
LF:23
LH:23
BRF:0
BRH:0
end_of_record
TN:
SF:src\router\specialityRoutes.js
FNF:0
FNH:0
DA:1,1
DA:2,1
DA:3,1
DA:4,1
DA:5,1
DA:6,1
DA:7,1
DA:8,1
DA:9,1
DA:10,1
DA:11,1
DA:12,1
DA:13,1
DA:14,1
DA:15,1
DA:16,1
DA:17,1
LF:17
LH:17
BRF:0
BRH:0
end_of_record
TN:
SF:src\router\userRoutes.js
FNF:0
FNH:0
DA:1,1
DA:2,1
DA:3,1
DA:4,1
DA:5,1
DA:6,1
DA:7,1
DA:8,1
DA:9,1
DA:10,1
DA:11,1
DA:12,1
DA:13,1
DA:14,1
DA:15,1
LF:15
LH:15
BRF:0
BRH:0
end_of_record
TN:
SF:src\router\userSpecialityRoutes.js
FNF:0
FNH:0
DA:1,1
DA:2,1
DA:3,1
DA:4,1
DA:5,1
DA:6,1
DA:7,1
DA:8,1
DA:9,1
DA:10,1
DA:11,1
DA:12,1
DA:13,1
DA:14,1
DA:15,1
DA:16,1
DA:17,1
LF:17
LH:17
BRF:0
BRH:0
end_of_record
TN:
SF:src\services\auditService.js
FN:4,logEvent
FNF:1
FNH:0
FNDA:0,logEvent
DA:1,1
DA:2,1
DA:3,1
DA:4,0
DA:5,0
DA:6,0
DA:7,0
DA:8,0
DA:9,0
DA:10,0
DA:11,0
DA:12,0
DA:13,0
DA:14,0
DA:15,0
DA:16,0
DA:17,0
DA:18,0
DA:19,0
DA:20,0
DA:21,1
DA:22,1
LF:22
LH:5
BRF:0
BRH:0
end_of_record
